CRITICAL - 2023-05-03 22:38:08 --> Invalid file: "index.php"
in SYSTEMPATH/Exceptions/FrameworkException.php on line 33.
 1 SYSTEMPATH/View/View.php(201): CodeIgniter\Exceptions\FrameworkException::forInvalidFile('index.php')
 2 SYSTEMPATH/Common.php(1184): CodeIgniter\View\View->render('index', [], true)
 3 APPPATH/Controllers/Home.php(11): view('index')
 4 SYSTEMPATH/CodeIgniter.php(934): App\Controllers\Home->index()
 5 SYSTEMPATH/CodeIgniter.php(499): CodeIgniter\CodeIgniter->runController(Object(App\Controllers\Home))
 6 SYSTEMPATH/CodeIgniter.php(368): CodeIgniter\CodeIgniter->handleRequest(null, Object(Config\Cache), false)
 7 FCPATH/index.php(67): CodeIgniter\CodeIgniter->run()
CRITICAL - 2023-05-03 22:40:00 --> Invalid file: "index.php"
in SYSTEMPATH/Exceptions/FrameworkException.php on line 33.
 1 SYSTEMPATH/View/View.php(201): CodeIgniter\Exceptions\FrameworkException::forInvalidFile('index.php')
 2 SYSTEMPATH/Common.php(1184): CodeIgniter\View\View->render('index', [], true)
 3 APPPATH/Controllers/Home.php(11): view('index')
 4 SYSTEMPATH/CodeIgniter.php(934): App\Controllers\Home->index()
 5 SYSTEMPATH/CodeIgniter.php(499): CodeIgniter\CodeIgniter->runController(Object(App\Controllers\Home))
 6 SYSTEMPATH/CodeIgniter.php(368): CodeIgniter\CodeIgniter->handleRequest(null, Object(Config\Cache), false)
 7 FCPATH/index.php(67): CodeIgniter\CodeIgniter->run()
CRITICAL - 2023-05-03 22:51:30 --> Undefined index: data
in APPPATH/Views/login.php on line 36.
 1 APPPATH/Views/login.php(36): CodeIgniter\Debug\Exceptions->errorHandler(8, 'Undefined index: data', '/Applications/MAMP/htdocs/ci4-mahasiswa/app/Views/login.php', 36, [])
 2 SYSTEMPATH/View/View.php(213): include('/Applications/MAMP/htdocs/ci4-mahasiswa/app/Views/login.php')
 3 SYSTEMPATH/View/View.php(216): CodeIgniter\View\View->CodeIgniter\View\{closure}()
 4 SYSTEMPATH/Common.php(1184): CodeIgniter\View\View->render('login', [], true)
 5 APPPATH/Controllers/Home.php(11): view('login')
 6 SYSTEMPATH/CodeIgniter.php(934): App\Controllers\Home->index()
 7 SYSTEMPATH/CodeIgniter.php(499): CodeIgniter\CodeIgniter->runController(Object(App\Controllers\Home))
 8 SYSTEMPATH/CodeIgniter.php(368): CodeIgniter\CodeIgniter->handleRequest(null, Object(Config\Cache), false)
 9 FCPATH/index.php(67): CodeIgniter\CodeIgniter->run()
CRITICAL - 2023-05-03 22:51:43 --> Undefined index: data
in APPPATH/Views/login.php on line 36.
 1 APPPATH/Views/login.php(36): CodeIgniter\Debug\Exceptions->errorHandler(8, 'Undefined index: data', '/Applications/MAMP/htdocs/ci4-mahasiswa/app/Views/login.php', 36, [])
 2 SYSTEMPATH/View/View.php(213): include('/Applications/MAMP/htdocs/ci4-mahasiswa/app/Views/login.php')
 3 SYSTEMPATH/View/View.php(216): CodeIgniter\View\View->CodeIgniter\View\{closure}()
 4 SYSTEMPATH/Common.php(1184): CodeIgniter\View\View->render('login', [], true)
 5 APPPATH/Controllers/Home.php(11): view('login')
 6 SYSTEMPATH/CodeIgniter.php(934): App\Controllers\Home->index()
 7 SYSTEMPATH/CodeIgniter.php(499): CodeIgniter\CodeIgniter->runController(Object(App\Controllers\Home))
 8 SYSTEMPATH/CodeIgniter.php(368): CodeIgniter\CodeIgniter->handleRequest(null, Object(Config\Cache), false)
 9 FCPATH/index.php(67): CodeIgniter\CodeIgniter->run()
CRITICAL - 2023-05-03 22:52:11 --> Undefined index: data
in APPPATH/Views/login.php on line 36.
 1 APPPATH/Views/login.php(36): CodeIgniter\Debug\Exceptions->errorHandler(8, 'Undefined index: data', '/Applications/MAMP/htdocs/ci4-mahasiswa/app/Views/login.php', 36, [])
 2 SYSTEMPATH/View/View.php(213): include('/Applications/MAMP/htdocs/ci4-mahasiswa/app/Views/login.php')
 3 SYSTEMPATH/View/View.php(216): CodeIgniter\View\View->CodeIgniter\View\{closure}()
 4 SYSTEMPATH/Common.php(1184): CodeIgniter\View\View->render('login', [], true)
 5 APPPATH/Controllers/Home.php(11): view('login')
 6 SYSTEMPATH/CodeIgniter.php(934): App\Controllers\Home->index()
 7 SYSTEMPATH/CodeIgniter.php(499): CodeIgniter\CodeIgniter->runController(Object(App\Controllers\Home))
 8 SYSTEMPATH/CodeIgniter.php(368): CodeIgniter\CodeIgniter->handleRequest(null, Object(Config\Cache), false)
 9 FCPATH/index.php(67): CodeIgniter\CodeIgniter->run()
