INFO - 2024-11-18 11:25:56 --> Session: Class initialized using 'CodeIgniter\Session\Handlers\FileHandler' driver.
ERROR - 2024-11-18 11:25:56 --> Error connecting to the database: mysqli_sql_exception: Unknown database 'dbwgsl' in C:\wamp64\www\cvlink-projek\system\Database\MySQLi\Connection.php:173
Stack trace:
#0 C:\wamp64\www\cvlink-projek\system\Database\MySQLi\Connection.php(173): mysqli->real_connect('localhost', 'root', Object(SensitiveParameterValue), 'dbwgsl', 3306, '', 0)
#1 C:\wamp64\www\cvlink-projek\system\Database\BaseConnection.php(391): CodeIgniter\Database\MySQLi\Connection->connect(false)
#2 C:\wamp64\www\cvlink-projek\system\Database\BaseConnection.php(574): CodeIgniter\Database\BaseConnection->initialize()
#3 C:\wamp64\www\cvlink-projek\system\Database\BaseBuilder.php(1616): CodeIgniter\Database\BaseConnection->query('SELECT `s`.`img...', Array, false)
#4 C:\wamp64\www\cvlink-projek\app\Models\PaketLayananModel.php(21): CodeIgniter\Database\BaseBuilder->get()
#5 C:\wamp64\www\cvlink-projek\app\Controllers\ClientController.php(36): App\Models\PaketLayananModel->getServiceInfo()
#6 C:\wamp64\www\cvlink-projek\system\CodeIgniter.php(932): App\Controllers\ClientController->index()
#7 C:\wamp64\www\cvlink-projek\system\CodeIgniter.php(497): CodeIgniter\CodeIgniter->runController(Object(App\Controllers\ClientController))
#8 C:\wamp64\www\cvlink-projek\system\CodeIgniter.php(366): CodeIgniter\CodeIgniter->handleRequest(NULL, Object(Config\Cache), false)
#9 C:\wamp64\www\cvlink-projek\public\index.php(67): CodeIgniter\CodeIgniter->run()
#10 {main}

Next CodeIgniter\Database\Exceptions\DatabaseException: Unknown database 'dbwgsl' in C:\wamp64\www\cvlink-projek\system\Database\MySQLi\Connection.php:218
Stack trace:
#0 C:\wamp64\www\cvlink-projek\system\Database\BaseConnection.php(391): CodeIgniter\Database\MySQLi\Connection->connect(false)
#1 C:\wamp64\www\cvlink-projek\system\Database\BaseConnection.php(574): CodeIgniter\Database\BaseConnection->initialize()
#2 C:\wamp64\www\cvlink-projek\system\Database\BaseBuilder.php(1616): CodeIgniter\Database\BaseConnection->query('SELECT `s`.`img...', Array, false)
#3 C:\wamp64\www\cvlink-projek\app\Models\PaketLayananModel.php(21): CodeIgniter\Database\BaseBuilder->get()
#4 C:\wamp64\www\cvlink-projek\app\Controllers\ClientController.php(36): App\Models\PaketLayananModel->getServiceInfo()
#5 C:\wamp64\www\cvlink-projek\system\CodeIgniter.php(932): App\Controllers\ClientController->index()
#6 C:\wamp64\www\cvlink-projek\system\CodeIgniter.php(497): CodeIgniter\CodeIgniter->runController(Object(App\Controllers\ClientController))
#7 C:\wamp64\www\cvlink-projek\system\CodeIgniter.php(366): CodeIgniter\CodeIgniter->handleRequest(NULL, Object(Config\Cache), false)
#8 C:\wamp64\www\cvlink-projek\public\index.php(67): CodeIgniter\CodeIgniter->run()
#9 {main}
CRITICAL - 2024-11-18 11:25:56 --> Unable to connect to the database.
Main connection [MySQLi]: Unknown database 'dbwgsl'
in SYSTEMPATH\Database\BaseConnection.php on line 427.
 1 SYSTEMPATH\Database\BaseConnection.php(574): CodeIgniter\Database\BaseConnection->initialize()
 2 SYSTEMPATH\Database\BaseBuilder.php(1616): CodeIgniter\Database\BaseConnection->query('SELECT `s`.`img_url` as `gambar_service`, `pl`.`id_services` as `id`, `s`.`nama` as `nama_service`, (SUM(b.harga * pl.besar) + s.harga) as harga_total, `s`.`deskripsi`
FROM `paket_layanan` `pl`
JOIN `services` `s` ON `s`.`id` = `pl`.`id_services`
JOIN `barang` `b` ON `b`.`id` = `pl`.`id_barang`
GROUP BY `pl`.`id_services`', [], false)
 3 APPPATH\Models\PaketLayananModel.php(21): CodeIgniter\Database\BaseBuilder->get()
 4 APPPATH\Controllers\ClientController.php(36): App\Models\PaketLayananModel->getServiceInfo()
 5 SYSTEMPATH\CodeIgniter.php(932): App\Controllers\ClientController->index()
 6 SYSTEMPATH\CodeIgniter.php(497): CodeIgniter\CodeIgniter->runController(Object(App\Controllers\ClientController))
 7 SYSTEMPATH\CodeIgniter.php(366): CodeIgniter\CodeIgniter->handleRequest(null, Object(Config\Cache), false)
 8 FCPATH\index.php(67): CodeIgniter\CodeIgniter->run()
INFO - 2024-11-18 11:27:32 --> Session: Class initialized using 'CodeIgniter\Session\Handlers\FileHandler' driver.
ERROR - 2024-11-18 11:27:32 --> mysqli_sql_exception: Table 'dbwgsl.paket_layanan' doesn't exist in C:\wamp64\www\cvlink-projek\system\Database\MySQLi\Connection.php:295
Stack trace:
#0 C:\wamp64\www\cvlink-projek\system\Database\MySQLi\Connection.php(295): mysqli->query('SELECT `s`.`img...', 0)
#1 C:\wamp64\www\cvlink-projek\system\Database\BaseConnection.php(692): CodeIgniter\Database\MySQLi\Connection->execute('SELECT `s`.`img...')
#2 C:\wamp64\www\cvlink-projek\system\Database\BaseConnection.php(606): CodeIgniter\Database\BaseConnection->simpleQuery('SELECT `s`.`img...')
#3 C:\wamp64\www\cvlink-projek\system\Database\BaseBuilder.php(1616): CodeIgniter\Database\BaseConnection->query('SELECT `s`.`img...', Array, false)
#4 C:\wamp64\www\cvlink-projek\app\Models\PaketLayananModel.php(21): CodeIgniter\Database\BaseBuilder->get()
#5 C:\wamp64\www\cvlink-projek\app\Controllers\ClientController.php(36): App\Models\PaketLayananModel->getServiceInfo()
#6 C:\wamp64\www\cvlink-projek\system\CodeIgniter.php(932): App\Controllers\ClientController->index()
#7 C:\wamp64\www\cvlink-projek\system\CodeIgniter.php(497): CodeIgniter\CodeIgniter->runController(Object(App\Controllers\ClientController))
#8 C:\wamp64\www\cvlink-projek\system\CodeIgniter.php(366): CodeIgniter\CodeIgniter->handleRequest(NULL, Object(Config\Cache), false)
#9 C:\wamp64\www\cvlink-projek\public\index.php(67): CodeIgniter\CodeIgniter->run()
#10 {main}
CRITICAL - 2024-11-18 11:27:32 --> Table 'dbwgsl.paket_layanan' doesn't exist
in SYSTEMPATH\Database\MySQLi\Connection.php on line 295.
 1 SYSTEMPATH\Database\MySQLi\Connection.php(295): mysqli->query('SELECT `s`.`img_url` as `gambar_service`, `pl`.`id_services` as `id`, `s`.`nama` as `nama_service`, (SUM(b.harga * pl.besar) + s.harga) as harga_total, `s`.`deskripsi`
FROM `paket_layanan` `pl`
JOIN `services` `s` ON `s`.`id` = `pl`.`id_services`
JOIN `barang` `b` ON `b`.`id` = `pl`.`id_barang`
GROUP BY `pl`.`id_services`', 0)
 2 SYSTEMPATH\Database\BaseConnection.php(692): CodeIgniter\Database\MySQLi\Connection->execute('SELECT `s`.`img_url` as `gambar_service`, `pl`.`id_services` as `id`, `s`.`nama` as `nama_service`, (SUM(b.harga * pl.besar) + s.harga) as harga_total, `s`.`deskripsi`
FROM `paket_layanan` `pl`
JOIN `services` `s` ON `s`.`id` = `pl`.`id_services`
JOIN `barang` `b` ON `b`.`id` = `pl`.`id_barang`
GROUP BY `pl`.`id_services`')
 3 SYSTEMPATH\Database\BaseConnection.php(606): CodeIgniter\Database\BaseConnection->simpleQuery('SELECT `s`.`img_url` as `gambar_service`, `pl`.`id_services` as `id`, `s`.`nama` as `nama_service`, (SUM(b.harga * pl.besar) + s.harga) as harga_total, `s`.`deskripsi`
FROM `paket_layanan` `pl`
JOIN `services` `s` ON `s`.`id` = `pl`.`id_services`
JOIN `barang` `b` ON `b`.`id` = `pl`.`id_barang`
GROUP BY `pl`.`id_services`')
 4 SYSTEMPATH\Database\BaseBuilder.php(1616): CodeIgniter\Database\BaseConnection->query('SELECT `s`.`img_url` as `gambar_service`, `pl`.`id_services` as `id`, `s`.`nama` as `nama_service`, (SUM(b.harga * pl.besar) + s.harga) as harga_total, `s`.`deskripsi`
FROM `paket_layanan` `pl`
JOIN `services` `s` ON `s`.`id` = `pl`.`id_services`
JOIN `barang` `b` ON `b`.`id` = `pl`.`id_barang`
GROUP BY `pl`.`id_services`', [], false)
 5 APPPATH\Models\PaketLayananModel.php(21): CodeIgniter\Database\BaseBuilder->get()
 6 APPPATH\Controllers\ClientController.php(36): App\Models\PaketLayananModel->getServiceInfo()
 7 SYSTEMPATH\CodeIgniter.php(932): App\Controllers\ClientController->index()
 8 SYSTEMPATH\CodeIgniter.php(497): CodeIgniter\CodeIgniter->runController(Object(App\Controllers\ClientController))
 9 SYSTEMPATH\CodeIgniter.php(366): CodeIgniter\CodeIgniter->handleRequest(null, Object(Config\Cache), false)
10 FCPATH\index.php(67): CodeIgniter\CodeIgniter->run()
INFO - 2024-11-18 11:29:08 --> Session: Class initialized using 'CodeIgniter\Session\Handlers\FileHandler' driver.
INFO - 2024-11-18 11:30:39 --> Session: Class initialized using 'CodeIgniter\Session\Handlers\FileHandler' driver.
INFO - 2024-11-18 11:31:33 --> Session: Class initialized using 'CodeIgniter\Session\Handlers\FileHandler' driver.
INFO - 2024-11-18 11:32:03 --> Session: Class initialized using 'CodeIgniter\Session\Handlers\FileHandler' driver.
INFO - 2024-11-18 11:32:13 --> Session: Class initialized using 'CodeIgniter\Session\Handlers\FileHandler' driver.
INFO - 2024-11-18 11:37:58 --> Session: Class initialized using 'CodeIgniter\Session\Handlers\FileHandler' driver.
INFO - 2024-11-18 11:38:15 --> Session: Class initialized using 'CodeIgniter\Session\Handlers\FileHandler' driver.
INFO - 2024-11-18 11:38:18 --> Session: Class initialized using 'CodeIgniter\Session\Handlers\FileHandler' driver.
INFO - 2024-11-18 11:38:19 --> Session: Class initialized using 'CodeIgniter\Session\Handlers\FileHandler' driver.
INFO - 2024-11-18 11:38:24 --> Session: Class initialized using 'CodeIgniter\Session\Handlers\FileHandler' driver.
INFO - 2024-11-18 11:38:27 --> Session: Class initialized using 'CodeIgniter\Session\Handlers\FileHandler' driver.
INFO - 2024-11-18 11:40:24 --> Session: Class initialized using 'CodeIgniter\Session\Handlers\FileHandler' driver.
INFO - 2024-11-18 11:40:43 --> Session: Class initialized using 'CodeIgniter\Session\Handlers\FileHandler' driver.
INFO - 2024-11-18 11:40:48 --> Session: Class initialized using 'CodeIgniter\Session\Handlers\FileHandler' driver.
INFO - 2024-11-18 11:40:49 --> Session: Class initialized using 'CodeIgniter\Session\Handlers\FileHandler' driver.
INFO - 2024-11-18 11:40:58 --> Session: Class initialized using 'CodeIgniter\Session\Handlers\FileHandler' driver.
INFO - 2024-11-18 11:40:58 --> Session: Class initialized using 'CodeIgniter\Session\Handlers\FileHandler' driver.
INFO - 2024-11-18 11:48:11 --> Session: Class initialized using 'CodeIgniter\Session\Handlers\FileHandler' driver.
INFO - 2024-11-18 11:48:19 --> Session: Class initialized using 'CodeIgniter\Session\Handlers\FileHandler' driver.
INFO - 2024-11-18 11:48:46 --> Session: Class initialized using 'CodeIgniter\Session\Handlers\FileHandler' driver.
INFO - 2024-11-18 11:49:15 --> Session: Class initialized using 'CodeIgniter\Session\Handlers\FileHandler' driver.
INFO - 2024-11-18 11:52:09 --> Session: Class initialized using 'CodeIgniter\Session\Handlers\FileHandler' driver.
