INFO - 2023-05-25 01:22:16 --> Session: Class initialized using 'CodeIgniter\Session\Handlers\FileHandler' driver.
INFO - 2023-05-25 01:22:26 --> Session: Class initialized using 'CodeIgniter\Session\Handlers\FileHandler' driver.
INFO - 2023-05-25 01:22:26 --> Session: Class initialized using 'CodeIgniter\Session\Handlers\FileHandler' driver.
INFO - 2023-05-25 01:22:54 --> Session: Class initialized using 'CodeIgniter\Session\Handlers\FileHandler' driver.
INFO - 2023-05-25 01:22:54 --> Session: Class initialized using 'CodeIgniter\Session\Handlers\FileHandler' driver.
INFO - 2023-05-25 01:22:58 --> Session: Class initialized using 'CodeIgniter\Session\Handlers\FileHandler' driver.
INFO - 2023-05-25 01:22:59 --> Session: Class initialized using 'CodeIgniter\Session\Handlers\FileHandler' driver.
INFO - 2023-05-25 01:23:17 --> Session: Class initialized using 'CodeIgniter\Session\Handlers\FileHandler' driver.
INFO - 2023-05-25 01:25:12 --> Session: Class initialized using 'CodeIgniter\Session\Handlers\FileHandler' driver.
INFO - 2023-05-25 01:26:40 --> Session: Class initialized using 'CodeIgniter\Session\Handlers\FileHandler' driver.
INFO - 2023-05-25 01:27:57 --> Session: Class initialized using 'CodeIgniter\Session\Handlers\FileHandler' driver.
INFO - 2023-05-25 01:27:59 --> Session: Class initialized using 'CodeIgniter\Session\Handlers\FileHandler' driver.
INFO - 2023-05-25 01:28:06 --> Session: Class initialized using 'CodeIgniter\Session\Handlers\FileHandler' driver.
INFO - 2023-05-25 01:28:08 --> Session: Class initialized using 'CodeIgniter\Session\Handlers\FileHandler' driver.
INFO - 2023-05-25 01:28:15 --> Session: Class initialized using 'CodeIgniter\Session\Handlers\FileHandler' driver.
INFO - 2023-05-25 01:28:17 --> Session: Class initialized using 'CodeIgniter\Session\Handlers\FileHandler' driver.
INFO - 2023-05-25 01:28:21 --> Session: Class initialized using 'CodeIgniter\Session\Handlers\FileHandler' driver.
INFO - 2023-05-25 01:28:23 --> Session: Class initialized using 'CodeIgniter\Session\Handlers\FileHandler' driver.
INFO - 2023-05-25 01:29:49 --> Session: Class initialized using 'CodeIgniter\Session\Handlers\FileHandler' driver.
INFO - 2023-05-25 01:29:59 --> Session: Class initialized using 'CodeIgniter\Session\Handlers\FileHandler' driver.
INFO - 2023-05-25 01:38:41 --> Session: Class initialized using 'CodeIgniter\Session\Handlers\FileHandler' driver.
INFO - 2023-05-25 01:38:47 --> Session: Class initialized using 'CodeIgniter\Session\Handlers\FileHandler' driver.
INFO - 2023-05-25 01:38:49 --> Session: Class initialized using 'CodeIgniter\Session\Handlers\FileHandler' driver.
INFO - 2023-05-25 01:40:19 --> Session: Class initialized using 'CodeIgniter\Session\Handlers\FileHandler' driver.
ERROR - 2023-05-25 01:40:19 --> Error connecting to the database: mysqli_sql_exception: Access denied for user ''@'localhost' (using password: NO) in /Applications/MAMP/htdocs/ci4-mahasiswa/system/Database/MySQLi/Connection.php:174
Stack trace:
#0 /Applications/MAMP/htdocs/ci4-mahasiswa/system/Database/MySQLi/Connection.php(174): mysqli->real_connect('localhost', '', '', '', 3306, '', 0)
#1 /Applications/MAMP/htdocs/ci4-mahasiswa/system/Database/BaseConnection.php(391): CodeIgniter\Database\MySQLi\Connection->connect(false)
#2 /Applications/MAMP/htdocs/ci4-mahasiswa/system/Database/BaseConnection.php(573): CodeIgniter\Database\BaseConnection->initialize()
#3 /Applications/MAMP/htdocs/ci4-mahasiswa/system/Database/BaseBuilder.php(1616): CodeIgniter\Database\BaseConnection->query('SELECT *\nFROM `...', Array, false)
#4 /Applications/MAMP/htdocs/ci4-mahasiswa/system/Model.php(241): CodeIgniter\Database\BaseBuilder->get()
#5 /Applications/MAMP/htdocs/ci4-mahasiswa/system/BaseModel.php(618): CodeIgniter\Model->doFindAll(0, 0)
#6 /Applications/MAMP/htdocs/ci4-mahasiswa/app/Controllers/Home.php(51): CodeIgniter\BaseModel->findAll()
#7 /Applications/MAMP/htdocs/ci4-mahasiswa/system/CodeIgniter.php(934): App\Controllers\Home->mahasiswa()
#8 /Applications/MAMP/htdocs/ci4-mahasiswa/system/CodeIgniter.php(499): CodeIgniter\CodeIgniter->runController(Object(App\Controllers\Home))
#9 /Applications/MAMP/htdocs/ci4-mahasiswa/system/CodeIgniter.php(368): CodeIgniter\CodeIgniter->handleRequest(NULL, Object(Config\Cache), false)
#10 /Applications/MAMP/htdocs/ci4-mahasiswa/public/index.php(67): CodeIgniter\CodeIgniter->run()
#11 {main}

Next CodeIgniter\Database\Exceptions\DatabaseException: Access denied for user ''@'localhost' (using password: NO) in /Applications/MAMP/htdocs/ci4-mahasiswa/system/Database/MySQLi/Connection.php:218
Stack trace:
#0 /Applications/MAMP/htdocs/ci4-mahasiswa/system/Database/BaseConnection.php(391): CodeIgniter\Database\MySQLi\Connection->connect(false)
#1 /Applications/MAMP/htdocs/ci4-mahasiswa/system/Database/BaseConnection.php(573): CodeIgniter\Database\BaseConnection->initialize()
#2 /Applications/MAMP/htdocs/ci4-mahasiswa/system/Database/BaseBuilder.php(1616): CodeIgniter\Database\BaseConnection->query('SELECT *\nFROM `...', Array, false)
#3 /Applications/MAMP/htdocs/ci4-mahasiswa/system/Model.php(241): CodeIgniter\Database\BaseBuilder->get()
#4 /Applications/MAMP/htdocs/ci4-mahasiswa/system/BaseModel.php(618): CodeIgniter\Model->doFindAll(0, 0)
#5 /Applications/MAMP/htdocs/ci4-mahasiswa/app/Controllers/Home.php(51): CodeIgniter\BaseModel->findAll()
#6 /Applications/MAMP/htdocs/ci4-mahasiswa/system/CodeIgniter.php(934): App\Controllers\Home->mahasiswa()
#7 /Applications/MAMP/htdocs/ci4-mahasiswa/system/CodeIgniter.php(499): CodeIgniter\CodeIgniter->runController(Object(App\Controllers\Home))
#8 /Applications/MAMP/htdocs/ci4-mahasiswa/system/CodeIgniter.php(368): CodeIgniter\CodeIgniter->handleRequest(NULL, Object(Config\Cache), false)
#9 /Applications/MAMP/htdocs/ci4-mahasiswa/public/index.php(67): CodeIgniter\CodeIgniter->run()
#10 {main}
CRITICAL - 2023-05-25 01:40:19 --> Unable to connect to the database.
Main connection [MySQLi]: Access denied for user ''@'localhost' (using password: NO)
in SYSTEMPATH/Database/BaseConnection.php on line 427.
 1 SYSTEMPATH/Database/BaseConnection.php(573): CodeIgniter\Database\BaseConnection->initialize()
 2 SYSTEMPATH/Database/BaseBuilder.php(1616): CodeIgniter\Database\BaseConnection->query('SELECT *
FROM `tblmahasiswa`', [], false)
 3 SYSTEMPATH/Model.php(241): CodeIgniter\Database\BaseBuilder->get()
 4 SYSTEMPATH/BaseModel.php(618): CodeIgniter\Model->doFindAll(0, 0)
 5 APPPATH/Controllers/Home.php(51): CodeIgniter\BaseModel->findAll()
 6 SYSTEMPATH/CodeIgniter.php(934): App\Controllers\Home->mahasiswa()
 7 SYSTEMPATH/CodeIgniter.php(499): CodeIgniter\CodeIgniter->runController(Object(App\Controllers\Home))
 8 SYSTEMPATH/CodeIgniter.php(368): CodeIgniter\CodeIgniter->handleRequest(null, Object(Config\Cache), false)
 9 FCPATH/index.php(67): CodeIgniter\CodeIgniter->run()
CRITICAL - 2023-05-25 01:40:19 --> Uncaught ErrorException: print_r(): Property access is not allowed yet in /Applications/MAMP/htdocs/ci4-mahasiswa/app/Views/errors/html/error_exception.php:101
Stack trace:
#0 [internal function]: CodeIgniter\Debug\Exceptions->errorHandler(2, 'print_r(): Prop...', '/Applications/M...', 101, Array)
#1 /Applications/MAMP/htdocs/ci4-mahasiswa/app/Views/errors/html/error_exception.php(101): print_r(Object(App\Controllers\Home), true)
#2 /Applications/MAMP/htdocs/ci4-mahasiswa/system/Debug/Exceptions.php(282): include('/Applications/M...')
#3 /Applications/MAMP/htdocs/ci4-mahasiswa/system/Debug/Exceptions.php(285): CodeIgniter\Debug\Exceptions->CodeIgniter\Debug\{closure}()
#4 /Applications/MAMP/htdocs/ci4-mahasiswa/system/Debug/Exceptions.php(156): CodeIgniter\Debug\Exceptions->render(Object(CodeIgniter\Database\Exceptions\DatabaseException), 500)
#5 [internal function]: CodeIgniter\Debug\Exceptions->exceptionHandler(Object(CodeIgniter\Database\Exceptions\DatabaseException))
#6 {main}
  thrown
【Previous Exception】
CodeIgniter\Database\Exceptions\DatabaseException
Unable to connect to the database.
Main connection [MySQLi]: Access denied for user ''@'localhost' (using password: NO)
#0 /Applications/MAMP/htdocs/ci4-mahasiswa/system/Database/BaseConnection.php(573): CodeIgniter\Database\BaseConnection->initialize()
#1 /Applications/MAMP/htdocs/ci4-mahasiswa/system/Database/BaseBuilder.php(1616): CodeIgniter\Database\BaseConnection->query('SELECT *\nFROM `...', Array, false)
#2 /Applications/MAMP/htdocs/ci4-mahasiswa/system/Model.php(241): CodeIgniter\Database\BaseBuilder->get()
#3 /Applications/MAMP/htdocs/ci4-mahasiswa/system/BaseModel.php(618): CodeIgniter\Model->doFindAll(0, 0)
#4 /Applications/MAMP/htdocs/ci4-mahasiswa/app/Controllers/Home.php(51): CodeIgniter\BaseModel->findAll()
#5 /Applications/MAMP/htdocs/ci4-mahasiswa/system/CodeIgniter.php(934): App\Controllers\Home->mahasiswa()
#6 /Applications/MAMP/htdocs/ci4-mahasiswa/system/CodeIgniter.php(499): CodeIgniter\CodeIgniter->runController(Object(App\Controllers\Home))
#7 /Applications/MAMP/htdocs/ci4-mahasiswa/system/CodeIgniter.php(368): CodeIgniter\CodeIgniter->handleRequest(NULL, Object(Config\Cache), false)
#8 /Applications/MAMP/htdocs/ci4-mahasiswa/public/index.php(67): CodeIgniter\CodeIgniter->run()
#9 {main}
in APPPATH/Views/errors/html/error_exception.php on line 101.
 1 [internal function]: CodeIgniter\Debug\Exceptions->shutdownHandler()
INFO - 2023-05-25 01:41:37 --> Session: Class initialized using 'CodeIgniter\Session\Handlers\FileHandler' driver.
ERROR - 2023-05-25 01:41:37 --> Error connecting to the database: mysqli_sql_exception: Access denied for user ''@'localhost' (using password: NO) in /Applications/MAMP/htdocs/ci4-mahasiswa/system/Database/MySQLi/Connection.php:174
Stack trace:
#0 /Applications/MAMP/htdocs/ci4-mahasiswa/system/Database/MySQLi/Connection.php(174): mysqli->real_connect('localhost', '', '', '', 3306, '', 0)
#1 /Applications/MAMP/htdocs/ci4-mahasiswa/system/Database/BaseConnection.php(391): CodeIgniter\Database\MySQLi\Connection->connect(false)
#2 /Applications/MAMP/htdocs/ci4-mahasiswa/system/Database/BaseConnection.php(573): CodeIgniter\Database\BaseConnection->initialize()
#3 /Applications/MAMP/htdocs/ci4-mahasiswa/system/Database/BaseBuilder.php(1616): CodeIgniter\Database\BaseConnection->query('SELECT *\nFROM `...', Array, false)
#4 /Applications/MAMP/htdocs/ci4-mahasiswa/system/Model.php(241): CodeIgniter\Database\BaseBuilder->get()
#5 /Applications/MAMP/htdocs/ci4-mahasiswa/system/BaseModel.php(618): CodeIgniter\Model->doFindAll(0, 0)
#6 /Applications/MAMP/htdocs/ci4-mahasiswa/app/Controllers/Home.php(50): CodeIgniter\BaseModel->findAll()
#7 /Applications/MAMP/htdocs/ci4-mahasiswa/system/CodeIgniter.php(934): App\Controllers\Home->mahasiswa()
#8 /Applications/MAMP/htdocs/ci4-mahasiswa/system/CodeIgniter.php(499): CodeIgniter\CodeIgniter->runController(Object(App\Controllers\Home))
#9 /Applications/MAMP/htdocs/ci4-mahasiswa/system/CodeIgniter.php(368): CodeIgniter\CodeIgniter->handleRequest(NULL, Object(Config\Cache), false)
#10 /Applications/MAMP/htdocs/ci4-mahasiswa/public/index.php(67): CodeIgniter\CodeIgniter->run()
#11 {main}

Next CodeIgniter\Database\Exceptions\DatabaseException: Access denied for user ''@'localhost' (using password: NO) in /Applications/MAMP/htdocs/ci4-mahasiswa/system/Database/MySQLi/Connection.php:218
Stack trace:
#0 /Applications/MAMP/htdocs/ci4-mahasiswa/system/Database/BaseConnection.php(391): CodeIgniter\Database\MySQLi\Connection->connect(false)
#1 /Applications/MAMP/htdocs/ci4-mahasiswa/system/Database/BaseConnection.php(573): CodeIgniter\Database\BaseConnection->initialize()
#2 /Applications/MAMP/htdocs/ci4-mahasiswa/system/Database/BaseBuilder.php(1616): CodeIgniter\Database\BaseConnection->query('SELECT *\nFROM `...', Array, false)
#3 /Applications/MAMP/htdocs/ci4-mahasiswa/system/Model.php(241): CodeIgniter\Database\BaseBuilder->get()
#4 /Applications/MAMP/htdocs/ci4-mahasiswa/system/BaseModel.php(618): CodeIgniter\Model->doFindAll(0, 0)
#5 /Applications/MAMP/htdocs/ci4-mahasiswa/app/Controllers/Home.php(50): CodeIgniter\BaseModel->findAll()
#6 /Applications/MAMP/htdocs/ci4-mahasiswa/system/CodeIgniter.php(934): App\Controllers\Home->mahasiswa()
#7 /Applications/MAMP/htdocs/ci4-mahasiswa/system/CodeIgniter.php(499): CodeIgniter\CodeIgniter->runController(Object(App\Controllers\Home))
#8 /Applications/MAMP/htdocs/ci4-mahasiswa/system/CodeIgniter.php(368): CodeIgniter\CodeIgniter->handleRequest(NULL, Object(Config\Cache), false)
#9 /Applications/MAMP/htdocs/ci4-mahasiswa/public/index.php(67): CodeIgniter\CodeIgniter->run()
#10 {main}
CRITICAL - 2023-05-25 01:41:37 --> Unable to connect to the database.
Main connection [MySQLi]: Access denied for user ''@'localhost' (using password: NO)
in SYSTEMPATH/Database/BaseConnection.php on line 427.
 1 SYSTEMPATH/Database/BaseConnection.php(573): CodeIgniter\Database\BaseConnection->initialize()
 2 SYSTEMPATH/Database/BaseBuilder.php(1616): CodeIgniter\Database\BaseConnection->query('SELECT *
FROM `tblmahasiswa`', [], false)
 3 SYSTEMPATH/Model.php(241): CodeIgniter\Database\BaseBuilder->get()
 4 SYSTEMPATH/BaseModel.php(618): CodeIgniter\Model->doFindAll(0, 0)
 5 APPPATH/Controllers/Home.php(50): CodeIgniter\BaseModel->findAll()
 6 SYSTEMPATH/CodeIgniter.php(934): App\Controllers\Home->mahasiswa()
 7 SYSTEMPATH/CodeIgniter.php(499): CodeIgniter\CodeIgniter->runController(Object(App\Controllers\Home))
 8 SYSTEMPATH/CodeIgniter.php(368): CodeIgniter\CodeIgniter->handleRequest(null, Object(Config\Cache), false)
 9 FCPATH/index.php(67): CodeIgniter\CodeIgniter->run()
CRITICAL - 2023-05-25 01:41:37 --> Uncaught ErrorException: print_r(): Property access is not allowed yet in /Applications/MAMP/htdocs/ci4-mahasiswa/app/Views/errors/html/error_exception.php:101
Stack trace:
#0 [internal function]: CodeIgniter\Debug\Exceptions->errorHandler(2, 'print_r(): Prop...', '/Applications/M...', 101, Array)
#1 /Applications/MAMP/htdocs/ci4-mahasiswa/app/Views/errors/html/error_exception.php(101): print_r(Object(App\Controllers\Home), true)
#2 /Applications/MAMP/htdocs/ci4-mahasiswa/system/Debug/Exceptions.php(282): include('/Applications/M...')
#3 /Applications/MAMP/htdocs/ci4-mahasiswa/system/Debug/Exceptions.php(285): CodeIgniter\Debug\Exceptions->CodeIgniter\Debug\{closure}()
#4 /Applications/MAMP/htdocs/ci4-mahasiswa/system/Debug/Exceptions.php(156): CodeIgniter\Debug\Exceptions->render(Object(CodeIgniter\Database\Exceptions\DatabaseException), 500)
#5 [internal function]: CodeIgniter\Debug\Exceptions->exceptionHandler(Object(CodeIgniter\Database\Exceptions\DatabaseException))
#6 {main}
  thrown
【Previous Exception】
CodeIgniter\Database\Exceptions\DatabaseException
Unable to connect to the database.
Main connection [MySQLi]: Access denied for user ''@'localhost' (using password: NO)
#0 /Applications/MAMP/htdocs/ci4-mahasiswa/system/Database/BaseConnection.php(573): CodeIgniter\Database\BaseConnection->initialize()
#1 /Applications/MAMP/htdocs/ci4-mahasiswa/system/Database/BaseBuilder.php(1616): CodeIgniter\Database\BaseConnection->query('SELECT *\nFROM `...', Array, false)
#2 /Applications/MAMP/htdocs/ci4-mahasiswa/system/Model.php(241): CodeIgniter\Database\BaseBuilder->get()
#3 /Applications/MAMP/htdocs/ci4-mahasiswa/system/BaseModel.php(618): CodeIgniter\Model->doFindAll(0, 0)
#4 /Applications/MAMP/htdocs/ci4-mahasiswa/app/Controllers/Home.php(50): CodeIgniter\BaseModel->findAll()
#5 /Applications/MAMP/htdocs/ci4-mahasiswa/system/CodeIgniter.php(934): App\Controllers\Home->mahasiswa()
#6 /Applications/MAMP/htdocs/ci4-mahasiswa/system/CodeIgniter.php(499): CodeIgniter\CodeIgniter->runController(Object(App\Controllers\Home))
#7 /Applications/MAMP/htdocs/ci4-mahasiswa/system/CodeIgniter.php(368): CodeIgniter\CodeIgniter->handleRequest(NULL, Object(Config\Cache), false)
#8 /Applications/MAMP/htdocs/ci4-mahasiswa/public/index.php(67): CodeIgniter\CodeIgniter->run()
#9 {main}
in APPPATH/Views/errors/html/error_exception.php on line 101.
 1 [internal function]: CodeIgniter\Debug\Exceptions->shutdownHandler()
INFO - 2023-05-25 01:43:48 --> Session: Class initialized using 'CodeIgniter\Session\Handlers\FileHandler' driver.
INFO - 2023-05-25 01:45:21 --> Session: Class initialized using 'CodeIgniter\Session\Handlers\FileHandler' driver.
CRITICAL - 2023-05-25 01:45:21 --> Undefined variable: hasil
in APPPATH/Views/mahasiswa.php on line 40.
 1 APPPATH/Views/mahasiswa.php(40): CodeIgniter\Debug\Exceptions->errorHandler(8, 'Undefined variable: hasil', '/Applications/MAMP/htdocs/ci4-mahasiswa/app/Views/mahasiswa.php', 40, [])
 2 SYSTEMPATH/View/View.php(213): include('/Applications/MAMP/htdocs/ci4-mahasiswa/app/Views/mahasiswa.php')
 3 SYSTEMPATH/View/View.php(216): CodeIgniter\View\View->CodeIgniter\View\{closure}()
 4 SYSTEMPATH/Common.php(1184): CodeIgniter\View\View->render('mahasiswa', [], true)
 5 APPPATH/Controllers/Home.php(54): view('mahasiswa', [...])
 6 SYSTEMPATH/CodeIgniter.php(934): App\Controllers\Home->mahasiswa()
 7 SYSTEMPATH/CodeIgniter.php(499): CodeIgniter\CodeIgniter->runController(Object(App\Controllers\Home))
 8 SYSTEMPATH/CodeIgniter.php(368): CodeIgniter\CodeIgniter->handleRequest(null, Object(Config\Cache), false)
 9 FCPATH/index.php(67): CodeIgniter\CodeIgniter->run()
INFO - 2023-05-25 01:47:16 --> Session: Class initialized using 'CodeIgniter\Session\Handlers\FileHandler' driver.
CRITICAL - 2023-05-25 01:47:16 --> Undefined variable: mhs
in APPPATH/Views/mahasiswa.php on line 40.
 1 APPPATH/Views/mahasiswa.php(40): CodeIgniter\Debug\Exceptions->errorHandler(8, 'Undefined variable: mhs', '/Applications/MAMP/htdocs/ci4-mahasiswa/app/Views/mahasiswa.php', 40, [...])
 2 SYSTEMPATH/View/View.php(213): include('/Applications/MAMP/htdocs/ci4-mahasiswa/app/Views/mahasiswa.php')
 3 SYSTEMPATH/View/View.php(216): CodeIgniter\View\View->CodeIgniter\View\{closure}()
 4 SYSTEMPATH/Common.php(1184): CodeIgniter\View\View->render('mahasiswa', [], true)
 5 APPPATH/Controllers/Home.php(54): view('mahasiswa', [...])
 6 SYSTEMPATH/CodeIgniter.php(934): App\Controllers\Home->mahasiswa()
 7 SYSTEMPATH/CodeIgniter.php(499): CodeIgniter\CodeIgniter->runController(Object(App\Controllers\Home))
 8 SYSTEMPATH/CodeIgniter.php(368): CodeIgniter\CodeIgniter->handleRequest(null, Object(Config\Cache), false)
 9 FCPATH/index.php(67): CodeIgniter\CodeIgniter->run()
INFO - 2023-05-25 01:50:43 --> Session: Class initialized using 'CodeIgniter\Session\Handlers\FileHandler' driver.
CRITICAL - 2023-05-25 01:50:43 --> Undefined variable: row
in APPPATH/Views/mahasiswa.php on line 44.
 1 APPPATH/Views/mahasiswa.php(44): CodeIgniter\Debug\Exceptions->errorHandler(8, 'Undefined variable: row', '/Applications/MAMP/htdocs/ci4-mahasiswa/app/Views/mahasiswa.php', 44, [...])
 2 SYSTEMPATH/View/View.php(213): include('/Applications/MAMP/htdocs/ci4-mahasiswa/app/Views/mahasiswa.php')
 3 SYSTEMPATH/View/View.php(216): CodeIgniter\View\View->CodeIgniter\View\{closure}()
 4 SYSTEMPATH/Common.php(1184): CodeIgniter\View\View->render('mahasiswa', [], true)
 5 APPPATH/Controllers/Home.php(55): view('mahasiswa', [...])
 6 SYSTEMPATH/CodeIgniter.php(934): App\Controllers\Home->mahasiswa()
 7 SYSTEMPATH/CodeIgniter.php(499): CodeIgniter\CodeIgniter->runController(Object(App\Controllers\Home))
 8 SYSTEMPATH/CodeIgniter.php(368): CodeIgniter\CodeIgniter->handleRequest(null, Object(Config\Cache), false)
 9 FCPATH/index.php(67): CodeIgniter\CodeIgniter->run()
INFO - 2023-05-25 01:50:44 --> Session: Class initialized using 'CodeIgniter\Session\Handlers\FileHandler' driver.
CRITICAL - 2023-05-25 01:50:44 --> Undefined variable: row
in APPPATH/Views/mahasiswa.php on line 44.
 1 APPPATH/Views/mahasiswa.php(44): CodeIgniter\Debug\Exceptions->errorHandler(8, 'Undefined variable: row', '/Applications/MAMP/htdocs/ci4-mahasiswa/app/Views/mahasiswa.php', 44, [...])
 2 SYSTEMPATH/View/View.php(213): include('/Applications/MAMP/htdocs/ci4-mahasiswa/app/Views/mahasiswa.php')
 3 SYSTEMPATH/View/View.php(216): CodeIgniter\View\View->CodeIgniter\View\{closure}()
 4 SYSTEMPATH/Common.php(1184): CodeIgniter\View\View->render('mahasiswa', [], true)
 5 APPPATH/Controllers/Home.php(55): view('mahasiswa', [...])
 6 SYSTEMPATH/CodeIgniter.php(934): App\Controllers\Home->mahasiswa()
 7 SYSTEMPATH/CodeIgniter.php(499): CodeIgniter\CodeIgniter->runController(Object(App\Controllers\Home))
 8 SYSTEMPATH/CodeIgniter.php(368): CodeIgniter\CodeIgniter->handleRequest(null, Object(Config\Cache), false)
 9 FCPATH/index.php(67): CodeIgniter\CodeIgniter->run()
INFO - 2023-05-25 01:51:21 --> Session: Class initialized using 'CodeIgniter\Session\Handlers\FileHandler' driver.
CRITICAL - 2023-05-25 01:51:21 --> Undefined variable: row
in APPPATH/Views/mahasiswa.php on line 45.
 1 APPPATH/Views/mahasiswa.php(45): CodeIgniter\Debug\Exceptions->errorHandler(8, 'Undefined variable: row', '/Applications/MAMP/htdocs/ci4-mahasiswa/app/Views/mahasiswa.php', 45, [...])
 2 SYSTEMPATH/View/View.php(213): include('/Applications/MAMP/htdocs/ci4-mahasiswa/app/Views/mahasiswa.php')
 3 SYSTEMPATH/View/View.php(216): CodeIgniter\View\View->CodeIgniter\View\{closure}()
 4 SYSTEMPATH/Common.php(1184): CodeIgniter\View\View->render('mahasiswa', [], true)
 5 APPPATH/Controllers/Home.php(55): view('mahasiswa', [...])
 6 SYSTEMPATH/CodeIgniter.php(934): App\Controllers\Home->mahasiswa()
 7 SYSTEMPATH/CodeIgniter.php(499): CodeIgniter\CodeIgniter->runController(Object(App\Controllers\Home))
 8 SYSTEMPATH/CodeIgniter.php(368): CodeIgniter\CodeIgniter->handleRequest(null, Object(Config\Cache), false)
 9 FCPATH/index.php(67): CodeIgniter\CodeIgniter->run()
INFO - 2023-05-25 01:51:44 --> Session: Class initialized using 'CodeIgniter\Session\Handlers\FileHandler' driver.
CRITICAL - 2023-05-25 01:51:44 --> Undefined variable: row
in APPPATH/Views/mahasiswa.php on line 49.
 1 APPPATH/Views/mahasiswa.php(49): CodeIgniter\Debug\Exceptions->errorHandler(8, 'Undefined variable: row', '/Applications/MAMP/htdocs/ci4-mahasiswa/app/Views/mahasiswa.php', 49, [...])
 2 SYSTEMPATH/View/View.php(213): include('/Applications/MAMP/htdocs/ci4-mahasiswa/app/Views/mahasiswa.php')
 3 SYSTEMPATH/View/View.php(216): CodeIgniter\View\View->CodeIgniter\View\{closure}()
 4 SYSTEMPATH/Common.php(1184): CodeIgniter\View\View->render('mahasiswa', [], true)
 5 APPPATH/Controllers/Home.php(55): view('mahasiswa', [...])
 6 SYSTEMPATH/CodeIgniter.php(934): App\Controllers\Home->mahasiswa()
 7 SYSTEMPATH/CodeIgniter.php(499): CodeIgniter\CodeIgniter->runController(Object(App\Controllers\Home))
 8 SYSTEMPATH/CodeIgniter.php(368): CodeIgniter\CodeIgniter->handleRequest(null, Object(Config\Cache), false)
 9 FCPATH/index.php(67): CodeIgniter\CodeIgniter->run()
INFO - 2023-05-25 01:51:45 --> Session: Class initialized using 'CodeIgniter\Session\Handlers\FileHandler' driver.
CRITICAL - 2023-05-25 01:51:45 --> Undefined variable: row
in APPPATH/Views/mahasiswa.php on line 49.
 1 APPPATH/Views/mahasiswa.php(49): CodeIgniter\Debug\Exceptions->errorHandler(8, 'Undefined variable: row', '/Applications/MAMP/htdocs/ci4-mahasiswa/app/Views/mahasiswa.php', 49, [...])
 2 SYSTEMPATH/View/View.php(213): include('/Applications/MAMP/htdocs/ci4-mahasiswa/app/Views/mahasiswa.php')
 3 SYSTEMPATH/View/View.php(216): CodeIgniter\View\View->CodeIgniter\View\{closure}()
 4 SYSTEMPATH/Common.php(1184): CodeIgniter\View\View->render('mahasiswa', [], true)
 5 APPPATH/Controllers/Home.php(55): view('mahasiswa', [...])
 6 SYSTEMPATH/CodeIgniter.php(934): App\Controllers\Home->mahasiswa()
 7 SYSTEMPATH/CodeIgniter.php(499): CodeIgniter\CodeIgniter->runController(Object(App\Controllers\Home))
 8 SYSTEMPATH/CodeIgniter.php(368): CodeIgniter\CodeIgniter->handleRequest(null, Object(Config\Cache), false)
 9 FCPATH/index.php(67): CodeIgniter\CodeIgniter->run()
INFO - 2023-05-25 01:52:05 --> Session: Class initialized using 'CodeIgniter\Session\Handlers\FileHandler' driver.
INFO - 2023-05-25 01:58:39 --> Session: Class initialized using 'CodeIgniter\Session\Handlers\FileHandler' driver.
INFO - 2023-05-25 01:59:07 --> Session: Class initialized using 'CodeIgniter\Session\Handlers\FileHandler' driver.
INFO - 2023-05-25 01:59:18 --> Session: Class initialized using 'CodeIgniter\Session\Handlers\FileHandler' driver.
INFO - 2023-05-25 01:59:24 --> Session: Class initialized using 'CodeIgniter\Session\Handlers\FileHandler' driver.
INFO - 2023-05-25 02:04:54 --> Session: Class initialized using 'CodeIgniter\Session\Handlers\FileHandler' driver.
INFO - 2023-05-25 02:04:57 --> Session: Class initialized using 'CodeIgniter\Session\Handlers\FileHandler' driver.
INFO - 2023-05-25 02:05:45 --> Session: Class initialized using 'CodeIgniter\Session\Handlers\FileHandler' driver.
INFO - 2023-05-25 02:05:46 --> Session: Class initialized using 'CodeIgniter\Session\Handlers\FileHandler' driver.
CRITICAL - 2023-05-25 02:05:46 --> Undefined variable: data
in APPPATH/Controllers/Home.php on line 62.
 1 APPPATH/Controllers/Home.php(62): CodeIgniter\Debug\Exceptions->errorHandler(8, 'Undefined variable: data', '/Applications/MAMP/htdocs/ci4-mahasiswa/app/Controllers/Home.php', 62, [])
 2 SYSTEMPATH/CodeIgniter.php(934): App\Controllers\Home->tambahmahasiswa()
 3 SYSTEMPATH/CodeIgniter.php(499): CodeIgniter\CodeIgniter->runController(Object(App\Controllers\Home))
 4 SYSTEMPATH/CodeIgniter.php(368): CodeIgniter\CodeIgniter->handleRequest(null, Object(Config\Cache), false)
 5 FCPATH/index.php(67): CodeIgniter\CodeIgniter->run()
INFO - 2023-05-25 02:06:03 --> Session: Class initialized using 'CodeIgniter\Session\Handlers\FileHandler' driver.
INFO - 2023-05-25 02:07:27 --> Session: Class initialized using 'CodeIgniter\Session\Handlers\FileHandler' driver.
INFO - 2023-05-25 02:16:55 --> Session: Class initialized using 'CodeIgniter\Session\Handlers\FileHandler' driver.
INFO - 2023-05-25 02:19:12 --> Session: Class initialized using 'CodeIgniter\Session\Handlers\FileHandler' driver.
INFO - 2023-05-25 02:22:58 --> Session: Class initialized using 'CodeIgniter\Session\Handlers\FileHandler' driver.
INFO - 2023-05-25 02:23:00 --> Session: Class initialized using 'CodeIgniter\Session\Handlers\FileHandler' driver.
INFO - 2023-05-25 02:23:02 --> Session: Class initialized using 'CodeIgniter\Session\Handlers\FileHandler' driver.
INFO - 2023-05-25 02:23:04 --> Session: Class initialized using 'CodeIgniter\Session\Handlers\FileHandler' driver.
INFO - 2023-05-25 02:23:07 --> Session: Class initialized using 'CodeIgniter\Session\Handlers\FileHandler' driver.
INFO - 2023-05-25 02:25:17 --> Session: Class initialized using 'CodeIgniter\Session\Handlers\FileHandler' driver.
INFO - 2023-05-25 02:25:18 --> Session: Class initialized using 'CodeIgniter\Session\Handlers\FileHandler' driver.
INFO - 2023-05-25 02:26:04 --> Session: Class initialized using 'CodeIgniter\Session\Handlers\FileHandler' driver.
INFO - 2023-05-25 02:26:12 --> Session: Class initialized using 'CodeIgniter\Session\Handlers\FileHandler' driver.
INFO - 2023-05-25 02:26:28 --> Session: Class initialized using 'CodeIgniter\Session\Handlers\FileHandler' driver.
INFO - 2023-05-25 02:26:33 --> Session: Class initialized using 'CodeIgniter\Session\Handlers\FileHandler' driver.
INFO - 2023-05-25 02:27:04 --> Session: Class initialized using 'CodeIgniter\Session\Handlers\FileHandler' driver.
INFO - 2023-05-25 02:27:07 --> Session: Class initialized using 'CodeIgniter\Session\Handlers\FileHandler' driver.
INFO - 2023-05-25 02:27:12 --> Session: Class initialized using 'CodeIgniter\Session\Handlers\FileHandler' driver.
INFO - 2023-05-25 02:28:21 --> Session: Class initialized using 'CodeIgniter\Session\Handlers\FileHandler' driver.
INFO - 2023-05-25 02:28:24 --> Session: Class initialized using 'CodeIgniter\Session\Handlers\FileHandler' driver.
INFO - 2023-05-25 02:28:30 --> Session: Class initialized using 'CodeIgniter\Session\Handlers\FileHandler' driver.
INFO - 2023-05-25 02:28:50 --> Session: Class initialized using 'CodeIgniter\Session\Handlers\FileHandler' driver.
INFO - 2023-05-25 02:29:01 --> Session: Class initialized using 'CodeIgniter\Session\Handlers\FileHandler' driver.
INFO - 2023-05-25 02:29:01 --> Session: Class initialized using 'CodeIgniter\Session\Handlers\FileHandler' driver.
INFO - 2023-05-25 02:29:06 --> Session: Class initialized using 'CodeIgniter\Session\Handlers\FileHandler' driver.
INFO - 2023-05-25 02:29:22 --> Session: Class initialized using 'CodeIgniter\Session\Handlers\FileHandler' driver.
CRITICAL - 2023-05-25 02:41:49 --> syntax error, unexpected 'if' (T_IF)
in APPPATH/Controllers/Home.php on line 34.
 1 SYSTEMPATH/Autoloader/Autoloader.php(289): CodeIgniter\Autoloader\Autoloader->includeFile('/Applications/MAMP/htdocs/ci4-mahasiswa/app/Controllers/Home.php')
 2 SYSTEMPATH/Autoloader/Autoloader.php(267): CodeIgniter\Autoloader\Autoloader->loadInNamespace('App\\Controllers\\Home')
 3 [internal function]: CodeIgniter\Autoloader\Autoloader->loadClass('App\\Controllers\\Home')
 4 [internal function]: spl_autoload_call('App\\Controllers\\Home')
 5 SYSTEMPATH/CodeIgniter.php(892): class_exists('\\App\\Controllers\\Home', true)
 6 SYSTEMPATH/CodeIgniter.php(486): CodeIgniter\CodeIgniter->startController()
 7 SYSTEMPATH/CodeIgniter.php(368): CodeIgniter\CodeIgniter->handleRequest(null, Object(Config\Cache), false)
 8 FCPATH/index.php(67): CodeIgniter\CodeIgniter->run()
CRITICAL - 2023-05-25 02:41:50 --> syntax error, unexpected 'if' (T_IF)
in APPPATH/Controllers/Home.php on line 34.
 1 SYSTEMPATH/Autoloader/Autoloader.php(289): CodeIgniter\Autoloader\Autoloader->includeFile('/Applications/MAMP/htdocs/ci4-mahasiswa/app/Controllers/Home.php')
 2 SYSTEMPATH/Autoloader/Autoloader.php(267): CodeIgniter\Autoloader\Autoloader->loadInNamespace('App\\Controllers\\Home')
 3 [internal function]: CodeIgniter\Autoloader\Autoloader->loadClass('App\\Controllers\\Home')
 4 [internal function]: spl_autoload_call('App\\Controllers\\Home')
 5 SYSTEMPATH/CodeIgniter.php(892): class_exists('\\App\\Controllers\\Home', true)
 6 SYSTEMPATH/CodeIgniter.php(486): CodeIgniter\CodeIgniter->startController()
 7 SYSTEMPATH/CodeIgniter.php(368): CodeIgniter\CodeIgniter->handleRequest(null, Object(Config\Cache), false)
 8 FCPATH/index.php(67): CodeIgniter\CodeIgniter->run()
CRITICAL - 2023-05-25 02:41:51 --> syntax error, unexpected 'if' (T_IF)
in APPPATH/Controllers/Home.php on line 34.
 1 SYSTEMPATH/Autoloader/Autoloader.php(289): CodeIgniter\Autoloader\Autoloader->includeFile('/Applications/MAMP/htdocs/ci4-mahasiswa/app/Controllers/Home.php')
 2 SYSTEMPATH/Autoloader/Autoloader.php(267): CodeIgniter\Autoloader\Autoloader->loadInNamespace('App\\Controllers\\Home')
 3 [internal function]: CodeIgniter\Autoloader\Autoloader->loadClass('App\\Controllers\\Home')
 4 [internal function]: spl_autoload_call('App\\Controllers\\Home')
 5 SYSTEMPATH/CodeIgniter.php(892): class_exists('\\App\\Controllers\\Home', true)
 6 SYSTEMPATH/CodeIgniter.php(486): CodeIgniter\CodeIgniter->startController()
 7 SYSTEMPATH/CodeIgniter.php(368): CodeIgniter\CodeIgniter->handleRequest(null, Object(Config\Cache), false)
 8 FCPATH/index.php(67): CodeIgniter\CodeIgniter->run()
INFO - 2023-05-25 02:42:04 --> Session: Class initialized using 'CodeIgniter\Session\Handlers\FileHandler' driver.
INFO - 2023-05-25 02:42:14 --> Session: Class initialized using 'CodeIgniter\Session\Handlers\FileHandler' driver.
ERROR - 2023-05-25 02:42:14 --> mysqli_sql_exception: You have an error in your SQL syntax; check the manual that corresponds to your MySQL server version for the right syntax to use near ':0:
 LIMIT 1' at line 3 in /Applications/MAMP/htdocs/ci4-mahasiswa/system/Database/MySQLi/Connection.php:295
Stack trace:
#0 /Applications/MAMP/htdocs/ci4-mahasiswa/system/Database/MySQLi/Connection.php(295): mysqli->query('SELECT *\nFROM `...', 0)
#1 /Applications/MAMP/htdocs/ci4-mahasiswa/system/Database/BaseConnection.php(691): CodeIgniter\Database\MySQLi\Connection->execute('SELECT *\nFROM `...')
#2 /Applications/MAMP/htdocs/ci4-mahasiswa/system/Database/BaseConnection.php(605): CodeIgniter\Database\BaseConnection->simpleQuery('SELECT *\nFROM `...')
#3 /Applications/MAMP/htdocs/ci4-mahasiswa/system/Database/BaseBuilder.php(1616): CodeIgniter\Database\BaseConnection->query('SELECT *\nFROM `...', Array, false)
#4 /Applications/MAMP/htdocs/ci4-mahasiswa/system/Model.php(268): CodeIgniter\Database\BaseBuilder->get()
#5 /Applications/MAMP/htdocs/ci4-mahasiswa/system/BaseModel.php(656): CodeIgniter\Model->doFirst()
#6 /Applications/MAMP/htdocs/ci4-mahasiswa/app/Models/UserModel.php(23): CodeIgniter\BaseModel->first()
#7 /Applications/MAMP/htdocs/ci4-mahasiswa/app/Controllers/Home.php(31): App\Models\UserModel->getUser(false, 'password='123Ad...')
#8 /Applications/MAMP/htdocs/ci4-mahasiswa/system/CodeIgniter.php(934): App\Controllers\Home->ceklogin()
#9 /Applications/MAMP/htdocs/ci4-mahasiswa/system/CodeIgniter.php(499): CodeIgniter\CodeIgniter->runController(Object(App\Controllers\Home))
#10 /Applications/MAMP/htdocs/ci4-mahasiswa/system/CodeIgniter.php(368): CodeIgniter\CodeIgniter->handleRequest(NULL, Object(Config\Cache), false)
#11 /Applications/MAMP/htdocs/ci4-mahasiswa/public/index.php(67): CodeIgniter\CodeIgniter->run()
#12 {main}
CRITICAL - 2023-05-25 02:42:14 --> You have an error in your SQL syntax; check the manual that corresponds to your MySQL server version for the right syntax to use near ':0:
 LIMIT 1' at line 3
in SYSTEMPATH/Database/MySQLi/Connection.php on line 295.
 1 SYSTEMPATH/Database/MySQLi/Connection.php(295): mysqli->query('SELECT *
FROM `tbluser`
WHERE 0 = :0:
 LIMIT 1', 0)
 2 SYSTEMPATH/Database/BaseConnection.php(691): CodeIgniter\Database\MySQLi\Connection->execute('SELECT *
FROM `tbluser`
WHERE 0 = :0:
 LIMIT 1')
 3 SYSTEMPATH/Database/BaseConnection.php(605): CodeIgniter\Database\BaseConnection->simpleQuery('SELECT *
FROM `tbluser`
WHERE 0 = :0:
 LIMIT 1')
 4 SYSTEMPATH/Database/BaseBuilder.php(1616): CodeIgniter\Database\BaseConnection->query('SELECT *
FROM `tbluser`
WHERE 0 = :0:
 LIMIT 1', [...], false)
 5 SYSTEMPATH/Model.php(268): CodeIgniter\Database\BaseBuilder->get()
 6 SYSTEMPATH/BaseModel.php(656): CodeIgniter\Model->doFirst()
 7 APPPATH/Models/UserModel.php(23): CodeIgniter\BaseModel->first()
 8 APPPATH/Controllers/Home.php(31): App\Models\UserModel->getUser(false, 'password=\'123Admin\'')
 9 SYSTEMPATH/CodeIgniter.php(934): App\Controllers\Home->ceklogin()
10 SYSTEMPATH/CodeIgniter.php(499): CodeIgniter\CodeIgniter->runController(Object(App\Controllers\Home))
11 SYSTEMPATH/CodeIgniter.php(368): CodeIgniter\CodeIgniter->handleRequest(null, Object(Config\Cache), false)
12 FCPATH/index.php(67): CodeIgniter\CodeIgniter->run()
INFO - 2023-05-25 02:44:28 --> Session: Class initialized using 'CodeIgniter\Session\Handlers\FileHandler' driver.
ERROR - 2023-05-25 02:44:28 --> mysqli_sql_exception: You have an error in your SQL syntax; check the manual that corresponds to your MySQL server version for the right syntax to use near ':0:
 LIMIT 1' at line 3 in /Applications/MAMP/htdocs/ci4-mahasiswa/system/Database/MySQLi/Connection.php:295
Stack trace:
#0 /Applications/MAMP/htdocs/ci4-mahasiswa/system/Database/MySQLi/Connection.php(295): mysqli->query('SELECT *\nFROM `...', 0)
#1 /Applications/MAMP/htdocs/ci4-mahasiswa/system/Database/BaseConnection.php(691): CodeIgniter\Database\MySQLi\Connection->execute('SELECT *\nFROM `...')
#2 /Applications/MAMP/htdocs/ci4-mahasiswa/system/Database/BaseConnection.php(605): CodeIgniter\Database\BaseConnection->simpleQuery('SELECT *\nFROM `...')
#3 /Applications/MAMP/htdocs/ci4-mahasiswa/system/Database/BaseBuilder.php(1616): CodeIgniter\Database\BaseConnection->query('SELECT *\nFROM `...', Array, false)
#4 /Applications/MAMP/htdocs/ci4-mahasiswa/system/Model.php(268): CodeIgniter\Database\BaseBuilder->get()
#5 /Applications/MAMP/htdocs/ci4-mahasiswa/system/BaseModel.php(656): CodeIgniter\Model->doFirst()
#6 /Applications/MAMP/htdocs/ci4-mahasiswa/app/Models/UserModel.php(23): CodeIgniter\BaseModel->first()
#7 /Applications/MAMP/htdocs/ci4-mahasiswa/app/Controllers/Home.php(31): App\Models\UserModel->getUser(false, 'password='123Ad...')
#8 /Applications/MAMP/htdocs/ci4-mahasiswa/system/CodeIgniter.php(934): App\Controllers\Home->ceklogin()
#9 /Applications/MAMP/htdocs/ci4-mahasiswa/system/CodeIgniter.php(499): CodeIgniter\CodeIgniter->runController(Object(App\Controllers\Home))
#10 /Applications/MAMP/htdocs/ci4-mahasiswa/system/CodeIgniter.php(368): CodeIgniter\CodeIgniter->handleRequest(NULL, Object(Config\Cache), false)
#11 /Applications/MAMP/htdocs/ci4-mahasiswa/public/index.php(67): CodeIgniter\CodeIgniter->run()
#12 {main}
CRITICAL - 2023-05-25 02:44:28 --> You have an error in your SQL syntax; check the manual that corresponds to your MySQL server version for the right syntax to use near ':0:
 LIMIT 1' at line 3
in SYSTEMPATH/Database/MySQLi/Connection.php on line 295.
 1 SYSTEMPATH/Database/MySQLi/Connection.php(295): mysqli->query('SELECT *
FROM `tbluser`
WHERE 0 = :0:
 LIMIT 1', 0)
 2 SYSTEMPATH/Database/BaseConnection.php(691): CodeIgniter\Database\MySQLi\Connection->execute('SELECT *
FROM `tbluser`
WHERE 0 = :0:
 LIMIT 1')
 3 SYSTEMPATH/Database/BaseConnection.php(605): CodeIgniter\Database\BaseConnection->simpleQuery('SELECT *
FROM `tbluser`
WHERE 0 = :0:
 LIMIT 1')
 4 SYSTEMPATH/Database/BaseBuilder.php(1616): CodeIgniter\Database\BaseConnection->query('SELECT *
FROM `tbluser`
WHERE 0 = :0:
 LIMIT 1', [...], false)
 5 SYSTEMPATH/Model.php(268): CodeIgniter\Database\BaseBuilder->get()
 6 SYSTEMPATH/BaseModel.php(656): CodeIgniter\Model->doFirst()
 7 APPPATH/Models/UserModel.php(23): CodeIgniter\BaseModel->first()
 8 APPPATH/Controllers/Home.php(31): App\Models\UserModel->getUser(false, 'password=\'123Admin\'')
 9 SYSTEMPATH/CodeIgniter.php(934): App\Controllers\Home->ceklogin()
10 SYSTEMPATH/CodeIgniter.php(499): CodeIgniter\CodeIgniter->runController(Object(App\Controllers\Home))
11 SYSTEMPATH/CodeIgniter.php(368): CodeIgniter\CodeIgniter->handleRequest(null, Object(Config\Cache), false)
12 FCPATH/index.php(67): CodeIgniter\CodeIgniter->run()
INFO - 2023-05-25 02:44:37 --> Session: Class initialized using 'CodeIgniter\Session\Handlers\FileHandler' driver.
INFO - 2023-05-25 02:44:38 --> Session: Class initialized using 'CodeIgniter\Session\Handlers\FileHandler' driver.
INFO - 2023-05-25 02:44:46 --> Session: Class initialized using 'CodeIgniter\Session\Handlers\FileHandler' driver.
ERROR - 2023-05-25 02:44:46 --> mysqli_sql_exception: You have an error in your SQL syntax; check the manual that corresponds to your MySQL server version for the right syntax to use near ':0:
 LIMIT 1' at line 3 in /Applications/MAMP/htdocs/ci4-mahasiswa/system/Database/MySQLi/Connection.php:295
Stack trace:
#0 /Applications/MAMP/htdocs/ci4-mahasiswa/system/Database/MySQLi/Connection.php(295): mysqli->query('SELECT *\nFROM `...', 0)
#1 /Applications/MAMP/htdocs/ci4-mahasiswa/system/Database/BaseConnection.php(691): CodeIgniter\Database\MySQLi\Connection->execute('SELECT *\nFROM `...')
#2 /Applications/MAMP/htdocs/ci4-mahasiswa/system/Database/BaseConnection.php(605): CodeIgniter\Database\BaseConnection->simpleQuery('SELECT *\nFROM `...')
#3 /Applications/MAMP/htdocs/ci4-mahasiswa/system/Database/BaseBuilder.php(1616): CodeIgniter\Database\BaseConnection->query('SELECT *\nFROM `...', Array, false)
#4 /Applications/MAMP/htdocs/ci4-mahasiswa/system/Model.php(268): CodeIgniter\Database\BaseBuilder->get()
#5 /Applications/MAMP/htdocs/ci4-mahasiswa/system/BaseModel.php(656): CodeIgniter\Model->doFirst()
#6 /Applications/MAMP/htdocs/ci4-mahasiswa/app/Models/UserModel.php(23): CodeIgniter\BaseModel->first()
#7 /Applications/MAMP/htdocs/ci4-mahasiswa/app/Controllers/Home.php(31): App\Models\UserModel->getUser(false, 'password='123ad...')
#8 /Applications/MAMP/htdocs/ci4-mahasiswa/system/CodeIgniter.php(934): App\Controllers\Home->ceklogin()
#9 /Applications/MAMP/htdocs/ci4-mahasiswa/system/CodeIgniter.php(499): CodeIgniter\CodeIgniter->runController(Object(App\Controllers\Home))
#10 /Applications/MAMP/htdocs/ci4-mahasiswa/system/CodeIgniter.php(368): CodeIgniter\CodeIgniter->handleRequest(NULL, Object(Config\Cache), false)
#11 /Applications/MAMP/htdocs/ci4-mahasiswa/public/index.php(67): CodeIgniter\CodeIgniter->run()
#12 {main}
CRITICAL - 2023-05-25 02:44:46 --> You have an error in your SQL syntax; check the manual that corresponds to your MySQL server version for the right syntax to use near ':0:
 LIMIT 1' at line 3
in SYSTEMPATH/Database/MySQLi/Connection.php on line 295.
 1 SYSTEMPATH/Database/MySQLi/Connection.php(295): mysqli->query('SELECT *
FROM `tbluser`
WHERE 0 = :0:
 LIMIT 1', 0)
 2 SYSTEMPATH/Database/BaseConnection.php(691): CodeIgniter\Database\MySQLi\Connection->execute('SELECT *
FROM `tbluser`
WHERE 0 = :0:
 LIMIT 1')
 3 SYSTEMPATH/Database/BaseConnection.php(605): CodeIgniter\Database\BaseConnection->simpleQuery('SELECT *
FROM `tbluser`
WHERE 0 = :0:
 LIMIT 1')
 4 SYSTEMPATH/Database/BaseBuilder.php(1616): CodeIgniter\Database\BaseConnection->query('SELECT *
FROM `tbluser`
WHERE 0 = :0:
 LIMIT 1', [...], false)
 5 SYSTEMPATH/Model.php(268): CodeIgniter\Database\BaseBuilder->get()
 6 SYSTEMPATH/BaseModel.php(656): CodeIgniter\Model->doFirst()
 7 APPPATH/Models/UserModel.php(23): CodeIgniter\BaseModel->first()
 8 APPPATH/Controllers/Home.php(31): App\Models\UserModel->getUser(false, 'password=\'123admin\'')
 9 SYSTEMPATH/CodeIgniter.php(934): App\Controllers\Home->ceklogin()
10 SYSTEMPATH/CodeIgniter.php(499): CodeIgniter\CodeIgniter->runController(Object(App\Controllers\Home))
11 SYSTEMPATH/CodeIgniter.php(368): CodeIgniter\CodeIgniter->handleRequest(null, Object(Config\Cache), false)
12 FCPATH/index.php(67): CodeIgniter\CodeIgniter->run()
INFO - 2023-05-25 02:45:47 --> Session: Class initialized using 'CodeIgniter\Session\Handlers\FileHandler' driver.
CRITICAL - 2023-05-25 02:45:47 --> Argument 1 passed to CodeIgniter\BaseModel::findAll() must be of the type int, string given, called in /Applications/MAMP/htdocs/ci4-mahasiswa/app/Controllers/Home.php on line 31
in SYSTEMPATH/BaseModel.php on line 601.
 1 APPPATH/Controllers/Home.php(31): CodeIgniter\BaseModel->findAll('username=\'Admin\'', 'password=\'dffdf\'')
 2 SYSTEMPATH/CodeIgniter.php(934): App\Controllers\Home->ceklogin()
 3 SYSTEMPATH/CodeIgniter.php(499): CodeIgniter\CodeIgniter->runController(Object(App\Controllers\Home))
 4 SYSTEMPATH/CodeIgniter.php(368): CodeIgniter\CodeIgniter->handleRequest(null, Object(Config\Cache), false)
 5 FCPATH/index.php(67): CodeIgniter\CodeIgniter->run()
INFO - 2023-05-25 02:46:07 --> Session: Class initialized using 'CodeIgniter\Session\Handlers\FileHandler' driver.
INFO - 2023-05-25 02:46:09 --> Session: Class initialized using 'CodeIgniter\Session\Handlers\FileHandler' driver.
INFO - 2023-05-25 02:46:19 --> Session: Class initialized using 'CodeIgniter\Session\Handlers\FileHandler' driver.
INFO - 2023-05-25 02:46:19 --> Session: Class initialized using 'CodeIgniter\Session\Handlers\FileHandler' driver.
INFO - 2023-05-25 02:46:29 --> Session: Class initialized using 'CodeIgniter\Session\Handlers\FileHandler' driver.
INFO - 2023-05-25 02:46:29 --> Session: Class initialized using 'CodeIgniter\Session\Handlers\FileHandler' driver.
INFO - 2023-05-25 02:46:34 --> Session: Class initialized using 'CodeIgniter\Session\Handlers\FileHandler' driver.
INFO - 2023-05-25 02:46:35 --> Session: Class initialized using 'CodeIgniter\Session\Handlers\FileHandler' driver.
INFO - 2023-05-25 03:02:21 --> Session: Class initialized using 'CodeIgniter\Session\Handlers\FileHandler' driver.
INFO - 2023-05-25 03:03:00 --> Session: Class initialized using 'CodeIgniter\Session\Handlers\FileHandler' driver.
CRITICAL - 2023-05-25 03:04:52 --> Call to undefined method CodeIgniter\Router\RouteCollection::get_defined_functions()
in APPPATH/Config/Routes.php on line 42.
 1 SYSTEMPATH/Router/RouteCollection.php(267): require()
 2 SYSTEMPATH/CodeIgniter.php(802): CodeIgniter\Router\RouteCollection->loadRoutes()
 3 SYSTEMPATH/CodeIgniter.php(449): CodeIgniter\CodeIgniter->tryToRouteIt(null)
 4 SYSTEMPATH/CodeIgniter.php(368): CodeIgniter\CodeIgniter->handleRequest(null, Object(Config\Cache), false)
 5 FCPATH/index.php(67): CodeIgniter\CodeIgniter->run()
INFO - 2023-05-25 03:05:08 --> Session: Class initialized using 'CodeIgniter\Session\Handlers\FileHandler' driver.
INFO - 2023-05-25 03:06:57 --> Session: Class initialized using 'CodeIgniter\Session\Handlers\FileHandler' driver.
INFO - 2023-05-25 03:07:15 --> Session: Class initialized using 'CodeIgniter\Session\Handlers\FileHandler' driver.
INFO - 2023-05-25 03:07:16 --> Session: Class initialized using 'CodeIgniter\Session\Handlers\FileHandler' driver.
INFO - 2023-05-25 03:08:03 --> Session: Class initialized using 'CodeIgniter\Session\Handlers\FileHandler' driver.
INFO - 2023-05-25 03:08:56 --> Session: Class initialized using 'CodeIgniter\Session\Handlers\FileHandler' driver.
CRITICAL - 2023-05-25 03:08:58 --> preg_match(): Compilation failed: missing closing parenthesis at offset 22
in SYSTEMPATH/Router/Router.php on line 419.
 1 [internal function]: CodeIgniter\Debug\Exceptions->errorHandler(2, 'preg_match(): Compilation failed: missing closing parenthesis at offset 22', '/Applications/MAMP/htdocs/ci4-mahasiswa/system/Router/Router.php', 419, [...])
 2 SYSTEMPATH/Router/Router.php(419): preg_match('#^editdatamahasiswa(.*$#u', 'editdatamahasiswa/2105181003', [])
 3 SYSTEMPATH/Router/Router.php(182): CodeIgniter\Router\Router->checkRoutes('editdatamahasiswa/2105181003')
 4 SYSTEMPATH/CodeIgniter.php(815): CodeIgniter\Router\Router->handle('editdatamahasiswa/2105181003')
 5 SYSTEMPATH/CodeIgniter.php(449): CodeIgniter\CodeIgniter->tryToRouteIt(Object(CodeIgniter\Router\RouteCollection))
 6 SYSTEMPATH/CodeIgniter.php(368): CodeIgniter\CodeIgniter->handleRequest(null, Object(Config\Cache), false)
 7 FCPATH/index.php(67): CodeIgniter\CodeIgniter->run()
INFO - 2023-05-25 03:09:37 --> Session: Class initialized using 'CodeIgniter\Session\Handlers\FileHandler' driver.
INFO - 2023-05-25 03:09:39 --> Session: Class initialized using 'CodeIgniter\Session\Handlers\FileHandler' driver.
INFO - 2023-05-25 03:10:09 --> Session: Class initialized using 'CodeIgniter\Session\Handlers\FileHandler' driver.
INFO - 2023-05-25 03:10:10 --> Session: Class initialized using 'CodeIgniter\Session\Handlers\FileHandler' driver.
INFO - 2023-05-25 03:10:11 --> Session: Class initialized using 'CodeIgniter\Session\Handlers\FileHandler' driver.
INFO - 2023-05-25 03:10:52 --> Session: Class initialized using 'CodeIgniter\Session\Handlers\FileHandler' driver.
INFO - 2023-05-25 03:10:54 --> Session: Class initialized using 'CodeIgniter\Session\Handlers\FileHandler' driver.
CRITICAL - 2023-05-25 03:10:54 --> Array to string conversion
in APPPATH/Controllers/Home.php on line 89.
 1 APPPATH/Controllers/Home.php(89): CodeIgniter\Debug\Exceptions->errorHandler(8, 'Array to string conversion', '/Applications/MAMP/htdocs/ci4-mahasiswa/app/Controllers/Home.php', 89, [...])
 2 SYSTEMPATH/CodeIgniter.php(934): App\Controllers\Home->editdatamahasiswa('', '2105181003')
 3 SYSTEMPATH/CodeIgniter.php(499): CodeIgniter\CodeIgniter->runController(Object(App\Controllers\Home))
 4 SYSTEMPATH/CodeIgniter.php(368): CodeIgniter\CodeIgniter->handleRequest(null, Object(Config\Cache), false)
 5 FCPATH/index.php(67): CodeIgniter\CodeIgniter->run()
INFO - 2023-05-25 03:11:12 --> Session: Class initialized using 'CodeIgniter\Session\Handlers\FileHandler' driver.
INFO - 2023-05-25 03:11:16 --> Session: Class initialized using 'CodeIgniter\Session\Handlers\FileHandler' driver.
INFO - 2023-05-25 03:14:54 --> Session: Class initialized using 'CodeIgniter\Session\Handlers\FileHandler' driver.
INFO - 2023-05-25 03:14:54 --> Session: Class initialized using 'CodeIgniter\Session\Handlers\FileHandler' driver.
INFO - 2023-05-25 03:14:56 --> Session: Class initialized using 'CodeIgniter\Session\Handlers\FileHandler' driver.
INFO - 2023-05-25 03:15:06 --> Session: Class initialized using 'CodeIgniter\Session\Handlers\FileHandler' driver.
INFO - 2023-05-25 03:15:37 --> Session: Class initialized using 'CodeIgniter\Session\Handlers\FileHandler' driver.
INFO - 2023-05-25 03:15:39 --> Session: Class initialized using 'CodeIgniter\Session\Handlers\FileHandler' driver.
INFO - 2023-05-25 03:16:08 --> Session: Class initialized using 'CodeIgniter\Session\Handlers\FileHandler' driver.
INFO - 2023-05-25 03:31:12 --> Session: Class initialized using 'CodeIgniter\Session\Handlers\FileHandler' driver.
INFO - 2023-05-25 03:32:16 --> Session: Class initialized using 'CodeIgniter\Session\Handlers\FileHandler' driver.
INFO - 2023-05-25 03:32:24 --> Session: Class initialized using 'CodeIgniter\Session\Handlers\FileHandler' driver.
INFO - 2023-05-25 03:33:08 --> Session: Class initialized using 'CodeIgniter\Session\Handlers\FileHandler' driver.
INFO - 2023-05-25 03:33:09 --> Session: Class initialized using 'CodeIgniter\Session\Handlers\FileHandler' driver.
INFO - 2023-05-25 03:37:50 --> Session: Class initialized using 'CodeIgniter\Session\Handlers\FileHandler' driver.
INFO - 2023-05-25 03:41:12 --> Session: Class initialized using 'CodeIgniter\Session\Handlers\FileHandler' driver.
INFO - 2023-05-25 03:41:37 --> Session: Class initialized using 'CodeIgniter\Session\Handlers\FileHandler' driver.
INFO - 2023-05-25 03:42:51 --> Session: Class initialized using 'CodeIgniter\Session\Handlers\FileHandler' driver.
INFO - 2023-05-25 03:42:52 --> Session: Class initialized using 'CodeIgniter\Session\Handlers\FileHandler' driver.
