INFO - 2023-08-03 12:16:31 --> Session: Class initialized using 'CodeIgniter\Session\Handlers\FileHandler' driver.
INFO - 2023-08-03 12:18:40 --> Session: Class initialized using 'CodeIgniter\Session\Handlers\FileHandler' driver.
INFO - 2023-08-03 12:24:15 --> Session: Class initialized using 'CodeIgniter\Session\Handlers\FileHandler' driver.
ERROR - 2023-08-03 14:53:07 --> Error connecting to the database: mysqli_sql_exception: No such file or directory in /Applications/MAMP/htdocs/ci4-mahasiswa/system/Database/MySQLi/Connection.php:174
Stack trace:
#0 /Applications/MAMP/htdocs/ci4-mahasiswa/system/Database/MySQLi/Connection.php(174): mysqli->real_connect('localhost', 'root', 'root', 'mahasiswa', 3306, '', 0)
#1 /Applications/MAMP/htdocs/ci4-mahasiswa/system/Database/BaseConnection.php(391): CodeIgniter\Database\MySQLi\Connection->connect(false)
#2 /Applications/MAMP/htdocs/ci4-mahasiswa/system/Database/BaseConnection.php(573): CodeIgniter\Database\BaseConnection->initialize()
#3 /Applications/MAMP/htdocs/ci4-mahasiswa/system/Database/BaseConnection.php(1408): CodeIgniter\Database\BaseConnection->query('SHOW TABLES FRO...')
#4 /Applications/MAMP/htdocs/ci4-mahasiswa/system/Database/BaseConnection.php(1427): CodeIgniter\Database\BaseConnection->listTables()
#5 /Applications/MAMP/htdocs/ci4-mahasiswa/system/Database/MigrationRunner.php(768): CodeIgniter\Database\BaseConnection->tableExists('migrations')
#6 /Applications/MAMP/htdocs/ci4-mahasiswa/system/Database/MigrationRunner.php(168): CodeIgniter\Database\MigrationRunner->ensureTable()
#7 /Applications/MAMP/htdocs/ci4-mahasiswa/system/Commands/Database/Migrate.php(84): CodeIgniter\Database\MigrationRunner->latest(NULL)
#8 /Applications/MAMP/htdocs/ci4-mahasiswa/system/CLI/Commands.php(65): CodeIgniter\Commands\Database\Migrate->run(Array)
#9 /Applications/MAMP/htdocs/ci4-mahasiswa/system/CLI/Console.php(37): CodeIgniter\CLI\Commands->run('migrate', Array)
#10 /Applications/MAMP/htdocs/ci4-mahasiswa/spark(97): CodeIgniter\CLI\Console->run()
#11 {main}

Next CodeIgniter\Database\Exceptions\DatabaseException: No such file or directory in /Applications/MAMP/htdocs/ci4-mahasiswa/system/Database/MySQLi/Connection.php:218
Stack trace:
#0 /Applications/MAMP/htdocs/ci4-mahasiswa/system/Database/BaseConnection.php(391): CodeIgniter\Database\MySQLi\Connection->connect(false)
#1 /Applications/MAMP/htdocs/ci4-mahasiswa/system/Database/BaseConnection.php(573): CodeIgniter\Database\BaseConnection->initialize()
#2 /Applications/MAMP/htdocs/ci4-mahasiswa/system/Database/BaseConnection.php(1408): CodeIgniter\Database\BaseConnection->query('SHOW TABLES FRO...')
#3 /Applications/MAMP/htdocs/ci4-mahasiswa/system/Database/BaseConnection.php(1427): CodeIgniter\Database\BaseConnection->listTables()
#4 /Applications/MAMP/htdocs/ci4-mahasiswa/system/Database/MigrationRunner.php(768): CodeIgniter\Database\BaseConnection->tableExists('migrations')
#5 /Applications/MAMP/htdocs/ci4-mahasiswa/system/Database/MigrationRunner.php(168): CodeIgniter\Database\MigrationRunner->ensureTable()
#6 /Applications/MAMP/htdocs/ci4-mahasiswa/system/Commands/Database/Migrate.php(84): CodeIgniter\Database\MigrationRunner->latest(NULL)
#7 /Applications/MAMP/htdocs/ci4-mahasiswa/system/CLI/Commands.php(65): CodeIgniter\Commands\Database\Migrate->run(Array)
#8 /Applications/MAMP/htdocs/ci4-mahasiswa/system/CLI/Console.php(37): CodeIgniter\CLI\Commands->run('migrate', Array)
#9 /Applications/MAMP/htdocs/ci4-mahasiswa/spark(97): CodeIgniter\CLI\Console->run()
#10 {main}
