INFO - 2023-08-20 15:15:16 --> Session: Class initialized using 'CodeIgniter\Session\Handlers\FileHandler' driver.
CRITICAL - 2023-08-20 15:15:16 --> Call to undefined function form_open()
in APPPATH/Views/page-login.php on line 47.
 1 SYSTEMPATH/View/View.php(213): include()
 2 SYSTEMPATH/View/View.php(216): CodeIgniter\View\View->CodeIgniter\View\{closure}()
 3 SYSTEMPATH/Common.php(1184): CodeIgniter\View\View->render('page-login', [], true)
 4 APPPATH/Controllers/Home.php(11): view('page-login')
 5 SYSTEMPATH/CodeIgniter.php(906): App\Controllers\Home->__construct()
 6 SYSTEMPATH/CodeIgniter.php(490): CodeIgniter\CodeIgniter->createController()
 7 SYSTEMPATH/CodeIgniter.php(368): CodeIgniter\CodeIgniter->handleRequest(null, Object(Config\Cache), false)
 8 FCPATH/index.php(67): CodeIgniter\CodeIgniter->run()
INFO - 2023-08-20 15:17:21 --> Session: Class initialized using 'CodeIgniter\Session\Handlers\FileHandler' driver.
CRITICAL - 2023-08-20 15:17:21 --> Call to undefined function form_open()
in APPPATH/Views/page-login.php on line 47.
 1 SYSTEMPATH/View/View.php(213): include()
 2 SYSTEMPATH/View/View.php(216): CodeIgniter\View\View->CodeIgniter\View\{closure}()
 3 SYSTEMPATH/Common.php(1184): CodeIgniter\View\View->render('page-login', [], true)
 4 APPPATH/Controllers/Home.php(11): view('page-login')
 5 SYSTEMPATH/CodeIgniter.php(906): App\Controllers\Home->__construct()
 6 SYSTEMPATH/CodeIgniter.php(490): CodeIgniter\CodeIgniter->createController()
 7 SYSTEMPATH/CodeIgniter.php(368): CodeIgniter\CodeIgniter->handleRequest(null, Object(Config\Cache), false)
 8 FCPATH/index.php(67): CodeIgniter\CodeIgniter->run()
INFO - 2023-08-20 15:19:45 --> Session: Class initialized using 'CodeIgniter\Session\Handlers\FileHandler' driver.
INFO - 2023-08-20 15:32:56 --> Session: Class initialized using 'CodeIgniter\Session\Handlers\FileHandler' driver.
INFO - 2023-08-20 15:44:04 --> Session: Class initialized using 'CodeIgniter\Session\Handlers\FileHandler' driver.
INFO - 2023-08-20 15:44:10 --> Session: Class initialized using 'CodeIgniter\Session\Handlers\FileHandler' driver.
INFO - 2023-08-20 15:46:19 --> Session: Class initialized using 'CodeIgniter\Session\Handlers\FileHandler' driver.
INFO - 2023-08-20 15:46:20 --> Session: Class initialized using 'CodeIgniter\Session\Handlers\FileHandler' driver.
INFO - 2023-08-20 17:40:25 --> Session: Class initialized using 'CodeIgniter\Session\Handlers\FileHandler' driver.
INFO - 2023-08-20 17:42:44 --> Session: Class initialized using 'CodeIgniter\Session\Handlers\FileHandler' driver.
INFO - 2023-08-20 17:42:45 --> Session: Class initialized using 'CodeIgniter\Session\Handlers\FileHandler' driver.
INFO - 2023-08-20 17:47:09 --> Session: Class initialized using 'CodeIgniter\Session\Handlers\FileHandler' driver.
INFO - 2023-08-20 17:47:11 --> Session: Class initialized using 'CodeIgniter\Session\Handlers\FileHandler' driver.
INFO - 2023-08-20 17:48:38 --> Session: Class initialized using 'CodeIgniter\Session\Handlers\FileHandler' driver.
INFO - 2023-08-20 17:48:39 --> Session: Class initialized using 'CodeIgniter\Session\Handlers\FileHandler' driver.
INFO - 2023-08-20 17:49:43 --> Session: Class initialized using 'CodeIgniter\Session\Handlers\FileHandler' driver.
INFO - 2023-08-20 17:50:13 --> Session: Class initialized using 'CodeIgniter\Session\Handlers\FileHandler' driver.
INFO - 2023-08-20 17:50:35 --> Session: Class initialized using 'CodeIgniter\Session\Handlers\FileHandler' driver.
INFO - 2023-08-20 17:50:36 --> Session: Class initialized using 'CodeIgniter\Session\Handlers\FileHandler' driver.
INFO - 2023-08-20 17:50:36 --> Session: Class initialized using 'CodeIgniter\Session\Handlers\FileHandler' driver.
INFO - 2023-08-20 17:50:36 --> Session: Class initialized using 'CodeIgniter\Session\Handlers\FileHandler' driver.
INFO - 2023-08-20 17:50:41 --> Session: Class initialized using 'CodeIgniter\Session\Handlers\FileHandler' driver.
INFO - 2023-08-20 17:50:45 --> Session: Class initialized using 'CodeIgniter\Session\Handlers\FileHandler' driver.
INFO - 2023-08-20 17:50:50 --> Session: Class initialized using 'CodeIgniter\Session\Handlers\FileHandler' driver.
INFO - 2023-08-20 17:52:35 --> Session: Class initialized using 'CodeIgniter\Session\Handlers\FileHandler' driver.
INFO - 2023-08-20 17:53:48 --> Session: Class initialized using 'CodeIgniter\Session\Handlers\FileHandler' driver.
INFO - 2023-08-20 17:53:53 --> Session: Class initialized using 'CodeIgniter\Session\Handlers\FileHandler' driver.
INFO - 2023-08-20 17:54:29 --> Session: Class initialized using 'CodeIgniter\Session\Handlers\FileHandler' driver.
CRITICAL - 2023-08-20 18:23:25 --> Undefined variable: _SESSION
in APPPATH/Views/layout/_header.php on line 97.
 1 APPPATH/Views/layout/_header.php(97): CodeIgniter\Debug\Exceptions->errorHandler(8, 'Undefined variable: _SESSION', '/Applications/MAMP/htdocs/wgsl/app/Views/layout/_header.php', 97, [])
 2 SYSTEMPATH/View/View.php(213): include('/Applications/MAMP/htdocs/wgsl/app/Views/layout/_header.php')
 3 SYSTEMPATH/View/View.php(216): CodeIgniter\View\View->CodeIgniter\View\{closure}()
 4 SYSTEMPATH/Common.php(1184): CodeIgniter\View\View->render('layout/_header', [], true)
 5 APPPATH/Controllers/Admin.php(44): view('layout/_header')
 6 SYSTEMPATH/CodeIgniter.php(934): App\Controllers\Admin->index()
 7 SYSTEMPATH/CodeIgniter.php(499): CodeIgniter\CodeIgniter->runController(Object(App\Controllers\Admin))
 8 SYSTEMPATH/CodeIgniter.php(368): CodeIgniter\CodeIgniter->handleRequest(null, Object(Config\Cache), false)
 9 FCPATH/index.php(67): CodeIgniter\CodeIgniter->run()
CRITICAL - 2023-08-20 19:18:22 --> syntax error, unexpected 'if' (T_IF)
in APPPATH/Controllers/Home.php on line 27.
 1 SYSTEMPATH/Autoloader/Autoloader.php(289): CodeIgniter\Autoloader\Autoloader->includeFile('/Applications/MAMP/htdocs/wgsl/app/Controllers/Home.php')
 2 SYSTEMPATH/Autoloader/Autoloader.php(267): CodeIgniter\Autoloader\Autoloader->loadInNamespace('App\\Controllers\\Home')
 3 [internal function]: CodeIgniter\Autoloader\Autoloader->loadClass('App\\Controllers\\Home')
 4 [internal function]: spl_autoload_call('App\\Controllers\\Home')
 5 SYSTEMPATH/CodeIgniter.php(892): class_exists('\\App\\Controllers\\Home', true)
 6 SYSTEMPATH/CodeIgniter.php(486): CodeIgniter\CodeIgniter->startController()
 7 SYSTEMPATH/CodeIgniter.php(368): CodeIgniter\CodeIgniter->handleRequest(null, Object(Config\Cache), false)
 8 FCPATH/index.php(67): CodeIgniter\CodeIgniter->run()
CRITICAL - 2023-08-20 19:33:08 --> Undefined variable: _SESSION
in APPPATH/Controllers/Home.php on line 21.
 1 APPPATH/Controllers/Home.php(21): CodeIgniter\Debug\Exceptions->errorHandler(8, 'Undefined variable: _SESSION', '/Applications/MAMP/htdocs/wgsl/app/Controllers/Home.php', 21, [])
 2 SYSTEMPATH/CodeIgniter.php(934): App\Controllers\Home->ceklogin()
 3 SYSTEMPATH/CodeIgniter.php(499): CodeIgniter\CodeIgniter->runController(Object(App\Controllers\Home))
 4 SYSTEMPATH/CodeIgniter.php(368): CodeIgniter\CodeIgniter->handleRequest(null, Object(Config\Cache), false)
 5 FCPATH/index.php(67): CodeIgniter\CodeIgniter->run()
INFO - 2023-08-20 19:38:07 --> Session: Class initialized using 'CodeIgniter\Session\Handlers\FileHandler' driver.
CRITICAL - 2023-08-20 19:38:07 --> Undefined variable: session
in APPPATH/Controllers/Home.php on line 30.
 1 APPPATH/Controllers/Home.php(30): CodeIgniter\Debug\Exceptions->errorHandler(8, 'Undefined variable: session', '/Applications/MAMP/htdocs/wgsl/app/Controllers/Home.php', 30, [...])
 2 SYSTEMPATH/CodeIgniter.php(934): App\Controllers\Home->ceklogin()
 3 SYSTEMPATH/CodeIgniter.php(499): CodeIgniter\CodeIgniter->runController(Object(App\Controllers\Home))
 4 SYSTEMPATH/CodeIgniter.php(368): CodeIgniter\CodeIgniter->handleRequest(null, Object(Config\Cache), false)
 5 FCPATH/index.php(67): CodeIgniter\CodeIgniter->run()
INFO - 2023-08-20 19:39:35 --> Session: Class initialized using 'CodeIgniter\Session\Handlers\FileHandler' driver.
CRITICAL - 2023-08-20 19:39:36 --> Undefined variable: _SESSION
in APPPATH/Views/layout/_header.php on line 97.
 1 APPPATH/Views/layout/_header.php(97): CodeIgniter\Debug\Exceptions->errorHandler(8, 'Undefined variable: _SESSION', '/Applications/MAMP/htdocs/wgsl/app/Views/layout/_header.php', 97, [])
 2 SYSTEMPATH/View/View.php(213): include('/Applications/MAMP/htdocs/wgsl/app/Views/layout/_header.php')
 3 SYSTEMPATH/View/View.php(216): CodeIgniter\View\View->CodeIgniter\View\{closure}()
 4 SYSTEMPATH/Common.php(1184): CodeIgniter\View\View->render('layout/_header', [], true)
 5 APPPATH/Controllers/Admin.php(43): view('layout/_header')
 6 SYSTEMPATH/CodeIgniter.php(934): App\Controllers\Admin->index()
 7 SYSTEMPATH/CodeIgniter.php(499): CodeIgniter\CodeIgniter->runController(Object(App\Controllers\Admin))
 8 SYSTEMPATH/CodeIgniter.php(368): CodeIgniter\CodeIgniter->handleRequest(null, Object(Config\Cache), false)
 9 FCPATH/index.php(67): CodeIgniter\CodeIgniter->run()
CRITICAL - 2023-08-20 19:42:45 --> Undefined variable: session
in APPPATH/Views/layout/_header.php on line 97.
 1 APPPATH/Views/layout/_header.php(97): CodeIgniter\Debug\Exceptions->errorHandler(8, 'Undefined variable: session', '/Applications/MAMP/htdocs/wgsl/app/Views/layout/_header.php', 97, [])
 2 SYSTEMPATH/View/View.php(213): include('/Applications/MAMP/htdocs/wgsl/app/Views/layout/_header.php')
 3 SYSTEMPATH/View/View.php(216): CodeIgniter\View\View->CodeIgniter\View\{closure}()
 4 SYSTEMPATH/Common.php(1184): CodeIgniter\View\View->render('layout/_header', [], true)
 5 APPPATH/Controllers/Admin.php(43): view('layout/_header')
 6 SYSTEMPATH/CodeIgniter.php(934): App\Controllers\Admin->index()
 7 SYSTEMPATH/CodeIgniter.php(499): CodeIgniter\CodeIgniter->runController(Object(App\Controllers\Admin))
 8 SYSTEMPATH/CodeIgniter.php(368): CodeIgniter\CodeIgniter->handleRequest(null, Object(Config\Cache), false)
 9 FCPATH/index.php(67): CodeIgniter\CodeIgniter->run()
CRITICAL - 2023-08-20 19:42:46 --> Undefined variable: session
in APPPATH/Views/layout/_header.php on line 97.
 1 APPPATH/Views/layout/_header.php(97): CodeIgniter\Debug\Exceptions->errorHandler(8, 'Undefined variable: session', '/Applications/MAMP/htdocs/wgsl/app/Views/layout/_header.php', 97, [])
 2 SYSTEMPATH/View/View.php(213): include('/Applications/MAMP/htdocs/wgsl/app/Views/layout/_header.php')
 3 SYSTEMPATH/View/View.php(216): CodeIgniter\View\View->CodeIgniter\View\{closure}()
 4 SYSTEMPATH/Common.php(1184): CodeIgniter\View\View->render('layout/_header', [], true)
 5 APPPATH/Controllers/Admin.php(43): view('layout/_header')
 6 SYSTEMPATH/CodeIgniter.php(934): App\Controllers\Admin->index()
 7 SYSTEMPATH/CodeIgniter.php(499): CodeIgniter\CodeIgniter->runController(Object(App\Controllers\Admin))
 8 SYSTEMPATH/CodeIgniter.php(368): CodeIgniter\CodeIgniter->handleRequest(null, Object(Config\Cache), false)
 9 FCPATH/index.php(67): CodeIgniter\CodeIgniter->run()
CRITICAL - 2023-08-20 19:42:47 --> Undefined variable: session
in APPPATH/Views/layout/_header.php on line 97.
 1 APPPATH/Views/layout/_header.php(97): CodeIgniter\Debug\Exceptions->errorHandler(8, 'Undefined variable: session', '/Applications/MAMP/htdocs/wgsl/app/Views/layout/_header.php', 97, [])
 2 SYSTEMPATH/View/View.php(213): include('/Applications/MAMP/htdocs/wgsl/app/Views/layout/_header.php')
 3 SYSTEMPATH/View/View.php(216): CodeIgniter\View\View->CodeIgniter\View\{closure}()
 4 SYSTEMPATH/Common.php(1184): CodeIgniter\View\View->render('layout/_header', [], true)
 5 APPPATH/Controllers/Admin.php(43): view('layout/_header')
 6 SYSTEMPATH/CodeIgniter.php(934): App\Controllers\Admin->index()
 7 SYSTEMPATH/CodeIgniter.php(499): CodeIgniter\CodeIgniter->runController(Object(App\Controllers\Admin))
 8 SYSTEMPATH/CodeIgniter.php(368): CodeIgniter\CodeIgniter->handleRequest(null, Object(Config\Cache), false)
 9 FCPATH/index.php(67): CodeIgniter\CodeIgniter->run()
CRITICAL - 2023-08-20 19:43:21 --> Undefined variable: _SESSION
in APPPATH/Views/layout/_header.php on line 97.
 1 APPPATH/Views/layout/_header.php(97): CodeIgniter\Debug\Exceptions->errorHandler(8, 'Undefined variable: _SESSION', '/Applications/MAMP/htdocs/wgsl/app/Views/layout/_header.php', 97, [])
 2 SYSTEMPATH/View/View.php(213): include('/Applications/MAMP/htdocs/wgsl/app/Views/layout/_header.php')
 3 SYSTEMPATH/View/View.php(216): CodeIgniter\View\View->CodeIgniter\View\{closure}()
 4 SYSTEMPATH/Common.php(1184): CodeIgniter\View\View->render('layout/_header', [], true)
 5 APPPATH/Controllers/Admin.php(43): view('layout/_header')
 6 SYSTEMPATH/CodeIgniter.php(934): App\Controllers\Admin->index()
 7 SYSTEMPATH/CodeIgniter.php(499): CodeIgniter\CodeIgniter->runController(Object(App\Controllers\Admin))
 8 SYSTEMPATH/CodeIgniter.php(368): CodeIgniter\CodeIgniter->handleRequest(null, Object(Config\Cache), false)
 9 FCPATH/index.php(67): CodeIgniter\CodeIgniter->run()
INFO - 2023-08-20 19:43:40 --> Session: Class initialized using 'CodeIgniter\Session\Handlers\FileHandler' driver.
INFO - 2023-08-20 19:43:50 --> Session: Class initialized using 'CodeIgniter\Session\Handlers\FileHandler' driver.
CRITICAL - 2023-08-20 19:43:50 --> Undefined variable: _SESSION
in APPPATH/Views/layout/_header.php on line 97.
 1 APPPATH/Views/layout/_header.php(97): CodeIgniter\Debug\Exceptions->errorHandler(8, 'Undefined variable: _SESSION', '/Applications/MAMP/htdocs/wgsl/app/Views/layout/_header.php', 97, [])
 2 SYSTEMPATH/View/View.php(213): include('/Applications/MAMP/htdocs/wgsl/app/Views/layout/_header.php')
 3 SYSTEMPATH/View/View.php(216): CodeIgniter\View\View->CodeIgniter\View\{closure}()
 4 SYSTEMPATH/Common.php(1184): CodeIgniter\View\View->render('layout/_header', [], true)
 5 APPPATH/Controllers/Admin.php(43): view('layout/_header')
 6 SYSTEMPATH/CodeIgniter.php(934): App\Controllers\Admin->index()
 7 SYSTEMPATH/CodeIgniter.php(499): CodeIgniter\CodeIgniter->runController(Object(App\Controllers\Admin))
 8 SYSTEMPATH/CodeIgniter.php(368): CodeIgniter\CodeIgniter->handleRequest(null, Object(Config\Cache), false)
 9 FCPATH/index.php(67): CodeIgniter\CodeIgniter->run()
INFO - 2023-08-20 19:50:08 --> Session: Class initialized using 'CodeIgniter\Session\Handlers\FileHandler' driver.
INFO - 2023-08-20 19:50:11 --> Session: Class initialized using 'CodeIgniter\Session\Handlers\FileHandler' driver.
INFO - 2023-08-20 19:50:18 --> Session: Class initialized using 'CodeIgniter\Session\Handlers\FileHandler' driver.
INFO - 2023-08-20 19:51:06 --> Session: Class initialized using 'CodeIgniter\Session\Handlers\FileHandler' driver.
INFO - 2023-08-20 19:51:23 --> Session: Class initialized using 'CodeIgniter\Session\Handlers\FileHandler' driver.
INFO - 2023-08-20 19:51:28 --> Session: Class initialized using 'CodeIgniter\Session\Handlers\FileHandler' driver.
INFO - 2023-08-20 19:51:29 --> Session: Class initialized using 'CodeIgniter\Session\Handlers\FileHandler' driver.
INFO - 2023-08-20 19:51:42 --> Session: Class initialized using 'CodeIgniter\Session\Handlers\FileHandler' driver.
CRITICAL - 2023-08-20 19:51:42 --> Undefined variable: session
in APPPATH/Views/layout/_header.php on line 97.
 1 APPPATH/Views/layout/_header.php(97): CodeIgniter\Debug\Exceptions->errorHandler(8, 'Undefined variable: session', '/Applications/MAMP/htdocs/wgsl/app/Views/layout/_header.php', 97, [])
 2 SYSTEMPATH/View/View.php(213): include('/Applications/MAMP/htdocs/wgsl/app/Views/layout/_header.php')
 3 SYSTEMPATH/View/View.php(216): CodeIgniter\View\View->CodeIgniter\View\{closure}()
 4 SYSTEMPATH/Common.php(1184): CodeIgniter\View\View->render('layout/_header', [], true)
 5 APPPATH/Controllers/Admin.php(43): view('layout/_header')
 6 SYSTEMPATH/CodeIgniter.php(934): App\Controllers\Admin->index()
 7 SYSTEMPATH/CodeIgniter.php(499): CodeIgniter\CodeIgniter->runController(Object(App\Controllers\Admin))
 8 SYSTEMPATH/CodeIgniter.php(368): CodeIgniter\CodeIgniter->handleRequest(null, Object(Config\Cache), false)
 9 FCPATH/index.php(67): CodeIgniter\CodeIgniter->run()
INFO - 2023-08-20 19:55:41 --> Session: Class initialized using 'CodeIgniter\Session\Handlers\FileHandler' driver.
INFO - 2023-08-20 19:55:43 --> Session: Class initialized using 'CodeIgniter\Session\Handlers\FileHandler' driver.
INFO - 2023-08-20 19:55:51 --> Session: Class initialized using 'CodeIgniter\Session\Handlers\FileHandler' driver.
INFO - 2023-08-20 19:55:52 --> Session: Class initialized using 'CodeIgniter\Session\Handlers\FileHandler' driver.
CRITICAL - 2023-08-20 19:55:52 --> Undefined variable: session
in APPPATH/Views/layout/_header.php on line 97.
 1 APPPATH/Views/layout/_header.php(97): CodeIgniter\Debug\Exceptions->errorHandler(8, 'Undefined variable: session', '/Applications/MAMP/htdocs/wgsl/app/Views/layout/_header.php', 97, [])
 2 SYSTEMPATH/View/View.php(213): include('/Applications/MAMP/htdocs/wgsl/app/Views/layout/_header.php')
 3 SYSTEMPATH/View/View.php(216): CodeIgniter\View\View->CodeIgniter\View\{closure}()
 4 SYSTEMPATH/Common.php(1184): CodeIgniter\View\View->render('layout/_header', [], true)
 5 APPPATH/Controllers/Admin.php(43): view('layout/_header')
 6 SYSTEMPATH/CodeIgniter.php(934): App\Controllers\Admin->index()
 7 SYSTEMPATH/CodeIgniter.php(499): CodeIgniter\CodeIgniter->runController(Object(App\Controllers\Admin))
 8 SYSTEMPATH/CodeIgniter.php(368): CodeIgniter\CodeIgniter->handleRequest(null, Object(Config\Cache), false)
 9 FCPATH/index.php(67): CodeIgniter\CodeIgniter->run()
INFO - 2023-08-20 19:57:28 --> Session: Class initialized using 'CodeIgniter\Session\Handlers\FileHandler' driver.
CRITICAL - 2023-08-20 19:57:28 --> Undefined property: CodeIgniter\View\View::$session
in APPPATH/Views/layout/_header.php on line 97.
 1 APPPATH/Views/layout/_header.php(97): CodeIgniter\Debug\Exceptions->errorHandler(8, 'Undefined property: CodeIgniter\\View\\View::$session', '/Applications/MAMP/htdocs/wgsl/app/Views/layout/_header.php', 97, [])
 2 SYSTEMPATH/View/View.php(213): include('/Applications/MAMP/htdocs/wgsl/app/Views/layout/_header.php')
 3 SYSTEMPATH/View/View.php(216): CodeIgniter\View\View->CodeIgniter\View\{closure}()
 4 SYSTEMPATH/Common.php(1184): CodeIgniter\View\View->render('layout/_header', [], true)
 5 APPPATH/Controllers/Admin.php(43): view('layout/_header')
 6 SYSTEMPATH/CodeIgniter.php(934): App\Controllers\Admin->index()
 7 SYSTEMPATH/CodeIgniter.php(499): CodeIgniter\CodeIgniter->runController(Object(App\Controllers\Admin))
 8 SYSTEMPATH/CodeIgniter.php(368): CodeIgniter\CodeIgniter->handleRequest(null, Object(Config\Cache), false)
 9 FCPATH/index.php(67): CodeIgniter\CodeIgniter->run()
INFO - 2023-08-20 19:57:34 --> Session: Class initialized using 'CodeIgniter\Session\Handlers\FileHandler' driver.
INFO - 2023-08-20 19:57:41 --> Session: Class initialized using 'CodeIgniter\Session\Handlers\FileHandler' driver.
INFO - 2023-08-20 19:57:42 --> Session: Class initialized using 'CodeIgniter\Session\Handlers\FileHandler' driver.
CRITICAL - 2023-08-20 19:57:42 --> Undefined property: CodeIgniter\View\View::$session
in APPPATH/Views/layout/_header.php on line 97.
 1 APPPATH/Views/layout/_header.php(97): CodeIgniter\Debug\Exceptions->errorHandler(8, 'Undefined property: CodeIgniter\\View\\View::$session', '/Applications/MAMP/htdocs/wgsl/app/Views/layout/_header.php', 97, [])
 2 SYSTEMPATH/View/View.php(213): include('/Applications/MAMP/htdocs/wgsl/app/Views/layout/_header.php')
 3 SYSTEMPATH/View/View.php(216): CodeIgniter\View\View->CodeIgniter\View\{closure}()
 4 SYSTEMPATH/Common.php(1184): CodeIgniter\View\View->render('layout/_header', [], true)
 5 APPPATH/Controllers/Admin.php(43): view('layout/_header')
 6 SYSTEMPATH/CodeIgniter.php(934): App\Controllers\Admin->index()
 7 SYSTEMPATH/CodeIgniter.php(499): CodeIgniter\CodeIgniter->runController(Object(App\Controllers\Admin))
 8 SYSTEMPATH/CodeIgniter.php(368): CodeIgniter\CodeIgniter->handleRequest(null, Object(Config\Cache), false)
 9 FCPATH/index.php(67): CodeIgniter\CodeIgniter->run()
INFO - 2023-08-20 22:05:39 --> Session: Class initialized using 'CodeIgniter\Session\Handlers\FileHandler' driver.
INFO - 2023-08-20 22:05:58 --> Session: Class initialized using 'CodeIgniter\Session\Handlers\FileHandler' driver.
INFO - 2023-08-20 22:05:58 --> Session: Class initialized using 'CodeIgniter\Session\Handlers\FileHandler' driver.
CRITICAL - 2023-08-20 22:05:58 --> Undefined property: CodeIgniter\View\View::$session
in APPPATH/Views/layout/_header.php on line 97.
 1 APPPATH/Views/layout/_header.php(97): CodeIgniter\Debug\Exceptions->errorHandler(8, 'Undefined property: CodeIgniter\\View\\View::$session', '/Applications/MAMP/htdocs/wgsl/app/Views/layout/_header.php', 97, [...])
 2 SYSTEMPATH/View/View.php(213): include('/Applications/MAMP/htdocs/wgsl/app/Views/layout/_header.php')
 3 SYSTEMPATH/View/View.php(216): CodeIgniter\View\View->CodeIgniter\View\{closure}()
 4 SYSTEMPATH/Common.php(1184): CodeIgniter\View\View->render('layout/_header', [], true)
 5 APPPATH/Controllers/Admin.php(43): view('layout/_header')
 6 SYSTEMPATH/CodeIgniter.php(934): App\Controllers\Admin->index()
 7 SYSTEMPATH/CodeIgniter.php(499): CodeIgniter\CodeIgniter->runController(Object(App\Controllers\Admin))
 8 SYSTEMPATH/CodeIgniter.php(368): CodeIgniter\CodeIgniter->handleRequest(null, Object(Config\Cache), false)
 9 FCPATH/index.php(67): CodeIgniter\CodeIgniter->run()
INFO - 2023-08-20 22:06:39 --> Session: Class initialized using 'CodeIgniter\Session\Handlers\FileHandler' driver.
CRITICAL - 2023-08-20 22:06:39 --> Undefined index: nama
in APPPATH/Views/layout/_header.php on line 105.
 1 APPPATH/Views/layout/_header.php(105): CodeIgniter\Debug\Exceptions->errorHandler(8, 'Undefined index: nama', '/Applications/MAMP/htdocs/wgsl/app/Views/layout/_header.php', 105, [...])
 2 SYSTEMPATH/View/View.php(213): include('/Applications/MAMP/htdocs/wgsl/app/Views/layout/_header.php')
 3 SYSTEMPATH/View/View.php(216): CodeIgniter\View\View->CodeIgniter\View\{closure}()
 4 SYSTEMPATH/Common.php(1184): CodeIgniter\View\View->render('layout/_header', [], true)
 5 APPPATH/Controllers/Admin.php(43): view('layout/_header')
 6 SYSTEMPATH/CodeIgniter.php(934): App\Controllers\Admin->index()
 7 SYSTEMPATH/CodeIgniter.php(499): CodeIgniter\CodeIgniter->runController(Object(App\Controllers\Admin))
 8 SYSTEMPATH/CodeIgniter.php(368): CodeIgniter\CodeIgniter->handleRequest(null, Object(Config\Cache), false)
 9 FCPATH/index.php(67): CodeIgniter\CodeIgniter->run()
INFO - 2023-08-20 22:07:12 --> Session: Class initialized using 'CodeIgniter\Session\Handlers\FileHandler' driver.
CRITICAL - 2023-08-20 22:07:12 --> Undefined index: nama
in APPPATH/Views/layout/_header.php on line 105.
 1 APPPATH/Views/layout/_header.php(105): CodeIgniter\Debug\Exceptions->errorHandler(8, 'Undefined index: nama', '/Applications/MAMP/htdocs/wgsl/app/Views/layout/_header.php', 105, [...])
 2 SYSTEMPATH/View/View.php(213): include('/Applications/MAMP/htdocs/wgsl/app/Views/layout/_header.php')
 3 SYSTEMPATH/View/View.php(216): CodeIgniter\View\View->CodeIgniter\View\{closure}()
 4 SYSTEMPATH/Common.php(1184): CodeIgniter\View\View->render('layout/_header', [], true)
 5 APPPATH/Controllers/Admin.php(43): view('layout/_header')
 6 SYSTEMPATH/CodeIgniter.php(934): App\Controllers\Admin->index()
 7 SYSTEMPATH/CodeIgniter.php(499): CodeIgniter\CodeIgniter->runController(Object(App\Controllers\Admin))
 8 SYSTEMPATH/CodeIgniter.php(368): CodeIgniter\CodeIgniter->handleRequest(null, Object(Config\Cache), false)
 9 FCPATH/index.php(67): CodeIgniter\CodeIgniter->run()
INFO - 2023-08-20 22:07:13 --> Session: Class initialized using 'CodeIgniter\Session\Handlers\FileHandler' driver.
CRITICAL - 2023-08-20 22:07:13 --> Undefined index: nama
in APPPATH/Views/layout/_header.php on line 105.
 1 APPPATH/Views/layout/_header.php(105): CodeIgniter\Debug\Exceptions->errorHandler(8, 'Undefined index: nama', '/Applications/MAMP/htdocs/wgsl/app/Views/layout/_header.php', 105, [...])
 2 SYSTEMPATH/View/View.php(213): include('/Applications/MAMP/htdocs/wgsl/app/Views/layout/_header.php')
 3 SYSTEMPATH/View/View.php(216): CodeIgniter\View\View->CodeIgniter\View\{closure}()
 4 SYSTEMPATH/Common.php(1184): CodeIgniter\View\View->render('layout/_header', [], true)
 5 APPPATH/Controllers/Admin.php(43): view('layout/_header')
 6 SYSTEMPATH/CodeIgniter.php(934): App\Controllers\Admin->index()
 7 SYSTEMPATH/CodeIgniter.php(499): CodeIgniter\CodeIgniter->runController(Object(App\Controllers\Admin))
 8 SYSTEMPATH/CodeIgniter.php(368): CodeIgniter\CodeIgniter->handleRequest(null, Object(Config\Cache), false)
 9 FCPATH/index.php(67): CodeIgniter\CodeIgniter->run()
INFO - 2023-08-20 22:07:42 --> Session: Class initialized using 'CodeIgniter\Session\Handlers\FileHandler' driver.
INFO - 2023-08-20 22:08:43 --> Session: Class initialized using 'CodeIgniter\Session\Handlers\FileHandler' driver.
INFO - 2023-08-20 22:08:43 --> Session: Class initialized using 'CodeIgniter\Session\Handlers\FileHandler' driver.
INFO - 2023-08-20 22:18:19 --> Session: Class initialized using 'CodeIgniter\Session\Handlers\FileHandler' driver.
INFO - 2023-08-20 22:22:00 --> Session: Class initialized using 'CodeIgniter\Session\Handlers\FileHandler' driver.
CRITICAL - 2023-08-20 22:24:39 --> Undefined variable: session
in APPPATH/Views/layout/index.php on line 97.
 1 APPPATH/Views/layout/index.php(97): CodeIgniter\Debug\Exceptions->errorHandler(8, 'Undefined variable: session', '/Applications/MAMP/htdocs/wgsl/app/Views/layout/index.php', 97, [...])
 2 SYSTEMPATH/View/View.php(213): include('/Applications/MAMP/htdocs/wgsl/app/Views/layout/index.php')
 3 SYSTEMPATH/View/View.php(216): CodeIgniter\View\View->CodeIgniter\View\{closure}()
 4 SYSTEMPATH/View/View.php(229): CodeIgniter\View\View->render('layout/index', [], true)
 5 SYSTEMPATH/Common.php(1184): CodeIgniter\View\View->render('layout/_content', [], true)
 6 APPPATH/Controllers/Admin.php(43): view('layout/_content', [...])
 7 SYSTEMPATH/CodeIgniter.php(934): App\Controllers\Admin->index()
 8 SYSTEMPATH/CodeIgniter.php(499): CodeIgniter\CodeIgniter->runController(Object(App\Controllers\Admin))
 9 SYSTEMPATH/CodeIgniter.php(368): CodeIgniter\CodeIgniter->handleRequest(null, Object(Config\Cache), false)
10 FCPATH/index.php(67): CodeIgniter\CodeIgniter->run()
INFO - 2023-08-20 22:29:00 --> Session: Class initialized using 'CodeIgniter\Session\Handlers\FileHandler' driver.
INFO - 2023-08-20 22:31:40 --> Session: Class initialized using 'CodeIgniter\Session\Handlers\FileHandler' driver.
INFO - 2023-08-20 22:31:40 --> Session: Class initialized using 'CodeIgniter\Session\Handlers\FileHandler' driver.
INFO - 2023-08-20 22:34:00 --> Session: Class initialized using 'CodeIgniter\Session\Handlers\FileHandler' driver.
CRITICAL - 2023-08-20 22:34:00 --> Function name must be a string
in APPPATH/Controllers/Home.php on line 29.
 1 SYSTEMPATH/CodeIgniter.php(934): App\Controllers\Home->ceklogin()
 2 SYSTEMPATH/CodeIgniter.php(499): CodeIgniter\CodeIgniter->runController(Object(App\Controllers\Home))
 3 SYSTEMPATH/CodeIgniter.php(368): CodeIgniter\CodeIgniter->handleRequest(null, Object(Config\Cache), false)
 4 FCPATH/index.php(67): CodeIgniter\CodeIgniter->run()
INFO - 2023-08-20 22:35:47 --> Session: Class initialized using 'CodeIgniter\Session\Handlers\FileHandler' driver.
INFO - 2023-08-20 22:35:50 --> Session: Class initialized using 'CodeIgniter\Session\Handlers\FileHandler' driver.
INFO - 2023-08-20 22:37:22 --> Session: Class initialized using 'CodeIgniter\Session\Handlers\FileHandler' driver.
INFO - 2023-08-20 22:37:48 --> Session: Class initialized using 'CodeIgniter\Session\Handlers\FileHandler' driver.
CRITICAL - 2023-08-20 22:38:08 --> Undefined variable: session
in APPPATH/Views/layout/_header.php on line 97.
 1 APPPATH/Views/layout/_header.php(97): CodeIgniter\Debug\Exceptions->errorHandler(8, 'Undefined variable: session', '/Applications/MAMP/htdocs/wgsl/app/Views/layout/_header.php', 97, [])
 2 SYSTEMPATH/View/View.php(213): include('/Applications/MAMP/htdocs/wgsl/app/Views/layout/_header.php')
 3 SYSTEMPATH/View/View.php(216): CodeIgniter\View\View->CodeIgniter\View\{closure}()
 4 SYSTEMPATH/Common.php(1184): CodeIgniter\View\View->render('layout/_header', [], true)
 5 APPPATH/Controllers/Admin.php(43): view('layout/_header')
 6 SYSTEMPATH/CodeIgniter.php(934): App\Controllers\Admin->index()
 7 SYSTEMPATH/CodeIgniter.php(499): CodeIgniter\CodeIgniter->runController(Object(App\Controllers\Admin))
 8 SYSTEMPATH/CodeIgniter.php(368): CodeIgniter\CodeIgniter->handleRequest(null, Object(Config\Cache), false)
 9 FCPATH/index.php(67): CodeIgniter\CodeIgniter->run()
INFO - 2023-08-20 22:38:27 --> Session: Class initialized using 'CodeIgniter\Session\Handlers\FileHandler' driver.
INFO - 2023-08-20 22:39:44 --> Session: Class initialized using 'CodeIgniter\Session\Handlers\FileHandler' driver.
INFO - 2023-08-20 22:40:22 --> Session: Class initialized using 'CodeIgniter\Session\Handlers\FileHandler' driver.
INFO - 2023-08-20 22:42:29 --> Session: Class initialized using 'CodeIgniter\Session\Handlers\FileHandler' driver.
CRITICAL - 2023-08-20 22:42:32 --> Undefined variable: session
in APPPATH/Controllers/Home.php on line 47.
 1 APPPATH/Controllers/Home.php(47): CodeIgniter\Debug\Exceptions->errorHandler(8, 'Undefined variable: session', '/Applications/MAMP/htdocs/wgsl/app/Controllers/Home.php', 47, [])
 2 SYSTEMPATH/CodeIgniter.php(934): App\Controllers\Home->logout()
 3 SYSTEMPATH/CodeIgniter.php(499): CodeIgniter\CodeIgniter->runController(Object(App\Controllers\Home))
 4 SYSTEMPATH/CodeIgniter.php(368): CodeIgniter\CodeIgniter->handleRequest(null, Object(Config\Cache), false)
 5 FCPATH/index.php(67): CodeIgniter\CodeIgniter->run()
INFO - 2023-08-20 22:42:55 --> Session: Class initialized using 'CodeIgniter\Session\Handlers\FileHandler' driver.
INFO - 2023-08-20 22:43:05 --> Session: Class initialized using 'CodeIgniter\Session\Handlers\FileHandler' driver.
INFO - 2023-08-20 22:43:05 --> Session: Class initialized using 'CodeIgniter\Session\Handlers\FileHandler' driver.
INFO - 2023-08-20 22:43:09 --> Session: Class initialized using 'CodeIgniter\Session\Handlers\FileHandler' driver.
INFO - 2023-08-20 22:43:14 --> Session: Class initialized using 'CodeIgniter\Session\Handlers\FileHandler' driver.
INFO - 2023-08-20 22:43:19 --> Session: Class initialized using 'CodeIgniter\Session\Handlers\FileHandler' driver.
INFO - 2023-08-20 22:43:22 --> Session: Class initialized using 'CodeIgniter\Session\Handlers\FileHandler' driver.
INFO - 2023-08-20 22:43:26 --> Session: Class initialized using 'CodeIgniter\Session\Handlers\FileHandler' driver.
INFO - 2023-08-20 22:47:04 --> Session: Class initialized using 'CodeIgniter\Session\Handlers\FileHandler' driver.
CRITICAL - 2023-08-20 22:47:04 --> Array callback has to contain indices 0 and 1
in APPPATH/Controllers/Home.php on line 33.
 1 SYSTEMPATH/CodeIgniter.php(934): App\Controllers\Home->ceklogin()
 2 SYSTEMPATH/CodeIgniter.php(499): CodeIgniter\CodeIgniter->runController(Object(App\Controllers\Home))
 3 SYSTEMPATH/CodeIgniter.php(368): CodeIgniter\CodeIgniter->handleRequest(null, Object(Config\Cache), false)
 4 FCPATH/index.php(67): CodeIgniter\CodeIgniter->run()
INFO - 2023-08-20 22:51:01 --> Session: Class initialized using 'CodeIgniter\Session\Handlers\FileHandler' driver.
INFO - 2023-08-20 22:51:02 --> Session: Class initialized using 'CodeIgniter\Session\Handlers\FileHandler' driver.
INFO - 2023-08-20 22:51:04 --> Session: Class initialized using 'CodeIgniter\Session\Handlers\FileHandler' driver.
INFO - 2023-08-20 22:51:07 --> Session: Class initialized using 'CodeIgniter\Session\Handlers\FileHandler' driver.
INFO - 2023-08-20 22:51:40 --> Session: Class initialized using 'CodeIgniter\Session\Handlers\FileHandler' driver.
INFO - 2023-08-20 22:51:44 --> Session: Class initialized using 'CodeIgniter\Session\Handlers\FileHandler' driver.
CRITICAL - 2023-08-20 22:51:44 --> Invalid file: "_cashbank.php"
in SYSTEMPATH/Exceptions/FrameworkException.php on line 33.
 1 SYSTEMPATH/View/View.php(201): CodeIgniter\Exceptions\FrameworkException::forInvalidFile('_cashbank.php')
 2 SYSTEMPATH/Common.php(1184): CodeIgniter\View\View->render('_cashbank', [], true)
 3 APPPATH/Controllers/Admin.php(262): view('_cashbank', [...])
 4 SYSTEMPATH/CodeIgniter.php(934): App\Controllers\Admin->cashbank()
 5 SYSTEMPATH/CodeIgniter.php(499): CodeIgniter\CodeIgniter->runController(Object(App\Controllers\Admin))
 6 SYSTEMPATH/CodeIgniter.php(368): CodeIgniter\CodeIgniter->handleRequest(null, Object(Config\Cache), false)
 7 FCPATH/index.php(67): CodeIgniter\CodeIgniter->run()
INFO - 2023-08-20 22:51:55 --> Session: Class initialized using 'CodeIgniter\Session\Handlers\FileHandler' driver.
INFO - 2023-08-20 22:51:58 --> Session: Class initialized using 'CodeIgniter\Session\Handlers\FileHandler' driver.
INFO - 2023-08-20 22:52:04 --> Session: Class initialized using 'CodeIgniter\Session\Handlers\FileHandler' driver.
INFO - 2023-08-20 22:52:11 --> Session: Class initialized using 'CodeIgniter\Session\Handlers\FileHandler' driver.
INFO - 2023-08-20 22:52:34 --> Session: Class initialized using 'CodeIgniter\Session\Handlers\FileHandler' driver.
CRITICAL - 2023-08-20 22:52:38 --> Call to undefined method App\Models\UserModel::getUser
in SYSTEMPATH/Model.php on line 842.
 1 APPPATH/Controllers/Admin.php(96): CodeIgniter\Model->__call('getUser', [])
 2 SYSTEMPATH/CodeIgniter.php(934): App\Controllers\Admin->user()
 3 SYSTEMPATH/CodeIgniter.php(499): CodeIgniter\CodeIgniter->runController(Object(App\Controllers\Admin))
 4 SYSTEMPATH/CodeIgniter.php(368): CodeIgniter\CodeIgniter->handleRequest(null, Object(Config\Cache), false)
 5 FCPATH/index.php(67): CodeIgniter\CodeIgniter->run()
INFO - 2023-08-20 22:52:42 --> Session: Class initialized using 'CodeIgniter\Session\Handlers\FileHandler' driver.
INFO - 2023-08-20 22:52:45 --> Session: Class initialized using 'CodeIgniter\Session\Handlers\FileHandler' driver.
INFO - 2023-08-20 22:53:07 --> Session: Class initialized using 'CodeIgniter\Session\Handlers\FileHandler' driver.
INFO - 2023-08-20 22:57:19 --> Session: Class initialized using 'CodeIgniter\Session\Handlers\FileHandler' driver.
INFO - 2023-08-20 22:57:43 --> Session: Class initialized using 'CodeIgniter\Session\Handlers\FileHandler' driver.
INFO - 2023-08-20 22:58:06 --> Session: Class initialized using 'CodeIgniter\Session\Handlers\FileHandler' driver.
INFO - 2023-08-20 22:59:19 --> Session: Class initialized using 'CodeIgniter\Session\Handlers\FileHandler' driver.
CRITICAL - 2023-08-20 22:59:19 --> Undefined variable: session
in APPPATH/Views/layout/_navigasi.php on line 11.
 1 APPPATH/Views/layout/_navigasi.php(11): CodeIgniter\Debug\Exceptions->errorHandler(8, 'Undefined variable: session', '/Applications/MAMP/htdocs/wgsl/app/Views/layout/_navigasi.php', 11, [])
 2 SYSTEMPATH/View/View.php(213): include('/Applications/MAMP/htdocs/wgsl/app/Views/layout/_navigasi.php')
 3 SYSTEMPATH/View/View.php(216): CodeIgniter\View\View->CodeIgniter\View\{closure}()
 4 SYSTEMPATH/Common.php(1184): CodeIgniter\View\View->render('layout/_navigasi', [], true)
 5 APPPATH/Controllers/Admin.php(341): view('layout/_navigasi')
 6 SYSTEMPATH/CodeIgniter.php(934): App\Controllers\Admin->receivable()
 7 SYSTEMPATH/CodeIgniter.php(499): CodeIgniter\CodeIgniter->runController(Object(App\Controllers\Admin))
 8 SYSTEMPATH/CodeIgniter.php(368): CodeIgniter\CodeIgniter->handleRequest(null, Object(Config\Cache), false)
 9 FCPATH/index.php(67): CodeIgniter\CodeIgniter->run()
INFO - 2023-08-20 23:00:10 --> Session: Class initialized using 'CodeIgniter\Session\Handlers\FileHandler' driver.
INFO - 2023-08-20 23:00:30 --> Session: Class initialized using 'CodeIgniter\Session\Handlers\FileHandler' driver.
INFO - 2023-08-20 23:00:32 --> Session: Class initialized using 'CodeIgniter\Session\Handlers\FileHandler' driver.
INFO - 2023-08-20 23:01:46 --> Session: Class initialized using 'CodeIgniter\Session\Handlers\FileHandler' driver.
INFO - 2023-08-20 23:24:57 --> Session: Class initialized using 'CodeIgniter\Session\Handlers\FileHandler' driver.
INFO - 2023-08-20 23:31:39 --> Session: Class initialized using 'CodeIgniter\Session\Handlers\FileHandler' driver.
INFO - 2023-08-20 23:31:39 --> Session: Class initialized using 'CodeIgniter\Session\Handlers\FileHandler' driver.
INFO - 2023-08-20 23:31:55 --> Session: Class initialized using 'CodeIgniter\Session\Handlers\FileHandler' driver.
INFO - 2023-08-20 23:31:58 --> Session: Class initialized using 'CodeIgniter\Session\Handlers\FileHandler' driver.
CRITICAL - 2023-08-20 23:31:58 --> Invalid file: "_cashbank.php"
in SYSTEMPATH/Exceptions/FrameworkException.php on line 33.
 1 SYSTEMPATH/View/View.php(201): CodeIgniter\Exceptions\FrameworkException::forInvalidFile('_cashbank.php')
 2 SYSTEMPATH/Common.php(1184): CodeIgniter\View\View->render('_cashbank', [], true)
 3 APPPATH/Controllers/Admin.php(262): view('_cashbank', [...])
 4 SYSTEMPATH/CodeIgniter.php(934): App\Controllers\Admin->cashbank()
 5 SYSTEMPATH/CodeIgniter.php(499): CodeIgniter\CodeIgniter->runController(Object(App\Controllers\Admin))
 6 SYSTEMPATH/CodeIgniter.php(368): CodeIgniter\CodeIgniter->handleRequest(null, Object(Config\Cache), false)
 7 FCPATH/index.php(67): CodeIgniter\CodeIgniter->run()
INFO - 2023-08-20 23:32:31 --> Session: Class initialized using 'CodeIgniter\Session\Handlers\FileHandler' driver.
CRITICAL - 2023-08-20 23:32:31 --> Undefined variable: kas
in APPPATH/Views/_cashbank.php on line 20.
 1 APPPATH/Views/_cashbank.php(20): CodeIgniter\Debug\Exceptions->errorHandler(8, 'Undefined variable: kas', '/Applications/MAMP/htdocs/wgsl/app/Views/_cashbank.php', 20, [...])
 2 SYSTEMPATH/View/View.php(213): include('/Applications/MAMP/htdocs/wgsl/app/Views/_cashbank.php')
 3 SYSTEMPATH/View/View.php(216): CodeIgniter\View\View->CodeIgniter\View\{closure}()
 4 SYSTEMPATH/Common.php(1184): CodeIgniter\View\View->render('_cashbank', [], true)
 5 APPPATH/Controllers/Admin.php(262): view('_cashbank', [...])
 6 SYSTEMPATH/CodeIgniter.php(934): App\Controllers\Admin->cashbank()
 7 SYSTEMPATH/CodeIgniter.php(499): CodeIgniter\CodeIgniter->runController(Object(App\Controllers\Admin))
 8 SYSTEMPATH/CodeIgniter.php(368): CodeIgniter\CodeIgniter->handleRequest(null, Object(Config\Cache), false)
 9 FCPATH/index.php(67): CodeIgniter\CodeIgniter->run()
INFO - 2023-08-20 23:32:51 --> Session: Class initialized using 'CodeIgniter\Session\Handlers\FileHandler' driver.
CRITICAL - 2023-08-20 23:32:51 --> Undefined variable: kas
in APPPATH/Views/_cashbank.php on line 20.
 1 APPPATH/Views/_cashbank.php(20): CodeIgniter\Debug\Exceptions->errorHandler(8, 'Undefined variable: kas', '/Applications/MAMP/htdocs/wgsl/app/Views/_cashbank.php', 20, [...])
 2 SYSTEMPATH/View/View.php(213): include('/Applications/MAMP/htdocs/wgsl/app/Views/_cashbank.php')
 3 SYSTEMPATH/View/View.php(216): CodeIgniter\View\View->CodeIgniter\View\{closure}()
 4 SYSTEMPATH/Common.php(1184): CodeIgniter\View\View->render('_cashbank', [], true)
 5 APPPATH/Controllers/Admin.php(262): view('_cashbank', [...])
 6 SYSTEMPATH/CodeIgniter.php(934): App\Controllers\Admin->cashbank()
 7 SYSTEMPATH/CodeIgniter.php(499): CodeIgniter\CodeIgniter->runController(Object(App\Controllers\Admin))
 8 SYSTEMPATH/CodeIgniter.php(368): CodeIgniter\CodeIgniter->handleRequest(null, Object(Config\Cache), false)
 9 FCPATH/index.php(67): CodeIgniter\CodeIgniter->run()
